Loading Challenge model...
Running model on Challenge data...
[[0.18231245 0.06266485 0.7550227 ]] [2]
<class 'numpy.ndarray'>
[[0.57380815 0.42619185]] [0]
[[0.76812374 0.1367163  0.09515997]] [0]
<class 'numpy.ndarray'>
[[0.6468508 0.3531492]] [0]
[[0.18336858 0.0643062  0.75232523]] [2]
<class 'numpy.ndarray'>
[[0.45805484 0.54194516]] [1]
[[0.18295192 0.0639579  0.75309017]] [2]
<class 'numpy.ndarray'>
[[0.48667143 0.51332857]] [1]
[[0.18312722 0.06400402 0.75286876]] [2]
<class 'numpy.ndarray'>
[[0.47125112 0.52874888]] [1]
[[0.18374866 0.06336469 0.75288665]] [2]
<class 'numpy.ndarray'>
[[0.52350878 0.47649122]] [1]
[[0.18347551 0.06442002 0.75210447]] [2]
<class 'numpy.ndarray'>
[[0.44119641 0.55880359]] [1]
[[0.18343657 0.06432872 0.75223472]] [2]
<class 'numpy.ndarray'>
[[0.44503288 0.55496712]] [1]
[[0.1835776  0.0645381  0.75188429]] [2]
<class 'numpy.ndarray'>
[[0.42855532 0.57144468]] [1]
[[0.17276234 0.64185426 0.1853834 ]] [1]
<class 'numpy.ndarray'>
[[0.64681464 0.35318536]] [0]
[[0.18287419 0.06406881 0.753057  ]] [2]
<class 'numpy.ndarray'>
[[0.5 0.5]] [1]
[[0.18310298 0.06423739 0.75265963]] [2]
<class 'numpy.ndarray'>
[[0.47171384 0.52828616]] [1]
[[0.18351226 0.06466252 0.75182522]] [2]
<class 'numpy.ndarray'>
[[0.41921635 0.58078365]] [1]
[[0.18340533 0.06476112 0.75183355]] [2]
<class 'numpy.ndarray'>
[[0.47412269 0.52587731]] [1]
[[0.18336189 0.0643455  0.75229261]] [2]
<class 'numpy.ndarray'>
[[0.46098172 0.53901828]] [1]
[[0.17973837 0.06316056 0.75710107]] [2]
<class 'numpy.ndarray'>
[[0.51634958 0.48365042]] [1]
[[0.18506929 0.06434844 0.75058227]] [2]
<class 'numpy.ndarray'>
[[0.49283939 0.50716061]] [1]
[[0.18322532 0.06433498 0.7524397 ]] [2]
<class 'numpy.ndarray'>
[[0.5 0.5]] [1]
[[0.18350616 0.0640569  0.75243694]] [2]
<class 'numpy.ndarray'>
[[0.51422459 0.48577541]] [1]
[[0.18317635 0.06422309 0.75260056]] [2]
<class 'numpy.ndarray'>
[[0.45002474 0.54997526]] [1]
[[0.18331242 0.06177243 0.75491515]] [2]
<class 'numpy.ndarray'>
[[0.62249861 0.37750139]] [0]
[[0.18736207 0.06485791 0.74778002]] [2]
<class 'numpy.ndarray'>
[[0.46554365 0.53445635]] [1]
[[0.18314923 0.06450208 0.7523487 ]] [2]
<class 'numpy.ndarray'>
[[0.45572423 0.54427577]] [1]
[[0.21394142 0.05701865 0.72903993]] [2]
<class 'numpy.ndarray'>
[[0.64683684 0.35316316]] [0]
[[0.17876022 0.06556058 0.7556792 ]] [2]
<class 'numpy.ndarray'>
[[0.55471586 0.44528414]] [0]
[[0.21239148 0.05854979 0.72905873]] [2]
<class 'numpy.ndarray'>
[[0.6669284 0.3330716]] [0]
[[0.1834907  0.06473893 0.75177037]] [2]
<class 'numpy.ndarray'>
[[0.41280775 0.58719225]] [1]
[[0.18358423 0.06455595 0.75185982]] [2]
<class 'numpy.ndarray'>
[[0.45282376 0.54717624]] [1]
[[0.1918339  0.06475983 0.74340627]] [2]
<class 'numpy.ndarray'>
[[0.61717394 0.38282606]] [0]
[[0.18333415 0.06426729 0.75239856]] [2]
<class 'numpy.ndarray'>
[[0.45431989 0.54568011]] [1]
[[0.18150578 0.06402379 0.75447043]] [2]
<class 'numpy.ndarray'>
[[0.48843719 0.51156281]] [1]
[[0.18273667 0.06423743 0.7530259 ]] [2]
<class 'numpy.ndarray'>
[[0.5 0.5]] [1]
[[0.18358904 0.06450003 0.75191093]] [2]
<class 'numpy.ndarray'>
[[0.42056528 0.57943472]] [1]
[[0.17883622 0.06377641 0.75738737]] [2]
<class 'numpy.ndarray'>
[[0.59874262 0.40125738]] [0]
[[0.18352483 0.06441549 0.75205968]] [2]
<class 'numpy.ndarray'>
[[0.42784222 0.57215778]] [1]
[[0.1834933  0.06440945 0.75209726]] [2]
<class 'numpy.ndarray'>
[[0.43051987 0.56948013]] [1]
[[0.18339209 0.06489112 0.75171679]] [2]
<class 'numpy.ndarray'>
[[0.53860536 0.46139464]] [0]
[[0.18353111 0.06465207 0.75181682]] [2]
<class 'numpy.ndarray'>
[[0.44463851 0.55536149]] [1]
[[0.18571124 0.06542039 0.74886838]] [2]
<class 'numpy.ndarray'>
[[0.57460289 0.42539711]] [0]
[[0.18443821 0.0633042  0.7522576 ]] [2]
<class 'numpy.ndarray'>
[[0.53993323 0.46006677]] [0]
[[0.11443261 0.13461297 0.75095442]] [2]
<class 'numpy.ndarray'>
[[0.64687757 0.35312243]] [0]
[[0.18356505 0.06463355 0.7518014 ]] [2]
<class 'numpy.ndarray'>
[[0.42552902 0.57447098]] [1]
[[0.24966324 0.06957363 0.68076313]] [2]
<class 'numpy.ndarray'>
[[0.64682807 0.35317193]] [0]
[[0.70366691 0.11764524 0.17868785]] [0]
<class 'numpy.ndarray'>
[[0.64683399 0.35316601]] [0]
[[0.18349988 0.06426529 0.75223483]] [2]
<class 'numpy.ndarray'>
[[0.44697485 0.55302515]] [1]
[[0.1882907  0.06576081 0.7459485 ]] [2]
<class 'numpy.ndarray'>
[[0.59350928 0.40649072]] [0]
[[0.18757102 0.06558882 0.74684016]] [2]
<class 'numpy.ndarray'>
[[0.44545311 0.55454689]] [1]
[[0.18366856 0.06402789 0.75230354]] [2]
<class 'numpy.ndarray'>
[[0.48621394 0.51378606]] [1]
[[0.18351402 0.06445703 0.75202895]] [2]
<class 'numpy.ndarray'>
[[0.42718528 0.57281472]] [1]
[[0.18336943 0.06424318 0.75238739]] [2]
<class 'numpy.ndarray'>
[[0.45089765 0.54910235]] [1]
[[0.18336838 0.06487365 0.75175798]] [2]
<class 'numpy.ndarray'>
[[0.5 0.5]] [1]
[[0.12319267 0.09594546 0.78086187]] [2]
<class 'numpy.ndarray'>
[[0.40879452 0.59120548]] [1]
[[0.18334258 0.06456186 0.75209556]] [2]
<class 'numpy.ndarray'>
[[0.47555334 0.52444666]] [1]
[[0.20887199 0.06344667 0.72768135]] [2]
<class 'numpy.ndarray'>
[[0.61832647 0.38167353]] [0]
[[0.18351715 0.06439947 0.75208338]] [2]
<class 'numpy.ndarray'>
[[0.44266811 0.55733189]] [1]
[[0.18343783 0.06434844 0.75221373]] [2]
<class 'numpy.ndarray'>
[[0.43421663 0.56578337]] [1]
[[0.14379654 0.09757434 0.75862912]] [2]
<class 'numpy.ndarray'>
[[0.64685247 0.35314753]] [0]
[[0.58640851 0.17258684 0.24100465]] [0]
<class 'numpy.ndarray'>
[[0.64686005 0.35313995]] [0]
[[0.19101691 0.06551152 0.74347157]] [2]
<class 'numpy.ndarray'>
[[0.61812066 0.38187934]] [0]
[[0.18279023 0.06318985 0.75401992]] [2]
<class 'numpy.ndarray'>
[[0.51957012 0.48042988]] [1]
[[0.18361527 0.06447418 0.75191054]] [2]
<class 'numpy.ndarray'>
[[0.46625817 0.53374183]] [1]
[[0.1831873  0.06379358 0.75301912]] [2]
<class 'numpy.ndarray'>
[[0.5 0.5]] [1]
[[0.21032043 0.06270967 0.72696991]] [2]
<class 'numpy.ndarray'>
[[0.65677579 0.34322421]] [0]
[[0.18347573 0.06438677 0.7521375 ]] [2]
<class 'numpy.ndarray'>
[[0.43705923 0.56294077]] [1]
[[0.18326194 0.06349897 0.75323909]] [2]
<class 'numpy.ndarray'>
[[0.51408309 0.48591691]] [1]
[[0.18346583 0.06467621 0.75185796]] [2]
<class 'numpy.ndarray'>
[[0.47487143 0.52512857]] [1]
[[0.18356119 0.06462189 0.75181691]] [2]
<class 'numpy.ndarray'>
[[0.43764161 0.56235839]] [1]
[[0.18317598 0.06446055 0.75236347]] [2]
<class 'numpy.ndarray'>
[[0.43893988 0.56106012]] [1]
[[0.18286316 0.06421701 0.75291983]] [2]
<class 'numpy.ndarray'>
[[0.45648375 0.54351625]] [1]
[[0.18250161 0.06444913 0.75304926]] [2]
<class 'numpy.ndarray'>
[[0.45855649 0.54144351]] [1]
[[0.7258912  0.14614972 0.12795908]] [0]
<class 'numpy.ndarray'>
[[0.64689821 0.35310179]] [0]
[[0.18406693 0.06352957 0.7524035 ]] [2]
<class 'numpy.ndarray'>
[[0.483608 0.516392]] [1]
[[0.18333655 0.06534388 0.75131957]] [2]
<class 'numpy.ndarray'>
[[0.56249706 0.43750294]] [0]
[[0.18385229 0.06462393 0.75152378]] [2]
<class 'numpy.ndarray'>
[[0.43688952 0.56311048]] [1]
[[0.18322619 0.06322206 0.75355175]] [2]
<class 'numpy.ndarray'>
[[0.54558833 0.45441167]] [0]
[[0.18348529 0.06441487 0.75209983]] [2]
<class 'numpy.ndarray'>
[[0.43703278 0.56296722]] [1]
[[0.18354058 0.06467022 0.7517892 ]] [2]
<class 'numpy.ndarray'>
[[0.42158956 0.57841044]] [1]
[[0.17367667 0.07388005 0.75244327]] [2]
<class 'numpy.ndarray'>
[[0.40450035 0.59549965]] [1]
[[0.18330793 0.0644641  0.75222797]] [2]
<class 'numpy.ndarray'>
[[0.48388247 0.51611753]] [1]
[[0.15370795 0.09379242 0.75249963]] [2]
<class 'numpy.ndarray'>
[[0.64683167 0.35316833]] [0]
[[0.18326478 0.06425482 0.7524804 ]] [2]
<class 'numpy.ndarray'>
[[0.4562432 0.5437568]] [1]
[[0.18346889 0.06356646 0.75296466]] [2]
<class 'numpy.ndarray'>
[[0.48659532 0.51340468]] [1]
[[0.18696672 0.06262167 0.75041161]] [2]
<class 'numpy.ndarray'>
[[0.57826565 0.42173435]] [0]
[[0.20692841 0.06533039 0.7277412 ]] [2]
<class 'numpy.ndarray'>
[[0.64600218 0.35399782]] [0]
[[0.18313594 0.06426288 0.75260118]] [2]
<class 'numpy.ndarray'>
[[0.47388149 0.52611851]] [1]
[[0.18352127 0.06459415 0.75188459]] [2]
<class 'numpy.ndarray'>
[[0.44455437 0.55544563]] [1]
[[0.1835064  0.06449757 0.75199602]] [2]
<class 'numpy.ndarray'>
[[0.42136663 0.57863337]] [1]
[[0.1834703  0.06423941 0.75229029]] [2]
<class 'numpy.ndarray'>
[[0.47693373 0.52306627]] [1]
[[0.18726529 0.06528044 0.74745426]] [2]
<class 'numpy.ndarray'>
[[0.59064363 0.40935637]] [0]
[[0.18363897 0.06439551 0.75196552]] [2]
<class 'numpy.ndarray'>
[[0.43038144 0.56961856]] [1]
[[0.18313079 0.06390774 0.75296147]] [2]
<class 'numpy.ndarray'>
[[0.47177725 0.52822275]] [1]
[[0.18512269 0.06586379 0.74901351]] [2]
<class 'numpy.ndarray'>
[[0.57672598 0.42327402]] [0]
[[0.18354338 0.06445492 0.7520017 ]] [2]
<class 'numpy.ndarray'>
[[0.43224818 0.56775182]] [1]
[[0.18367769 0.06487277 0.75144954]] [2]
<class 'numpy.ndarray'>
[[0.48142853 0.51857147]] [1]
[[0.18358785 0.06457693 0.75183522]] [2]
<class 'numpy.ndarray'>
[[0.44209077 0.55790923]] [1]
[[0.18266839 0.06326512 0.75406649]] [2]
<class 'numpy.ndarray'>
[[0.505185 0.494815]] [1]
[[0.18343127 0.06472087 0.75184786]] [2]
<class 'numpy.ndarray'>
[[0.41164172 0.58835828]] [1]
[[0.17691978 0.07141402 0.7516662 ]] [2]
<class 'numpy.ndarray'>
[[0.5950681 0.4049319]] [0]
[[0.09017703 0.18136272 0.72846025]] [2]
<class 'numpy.ndarray'>
[[0.60402938 0.39597062]] [0]
[[0.18329166 0.06428116 0.75242718]] [2]
<class 'numpy.ndarray'>
[[0.44789303 0.55210697]] [1]
[[0.17799916 0.06376137 0.75823947]] [2]
<class 'numpy.ndarray'>
[[0.56446468 0.43553532]] [0]
[[0.15889222 0.06000287 0.78110491]] [2]
<class 'numpy.ndarray'>
[[0.5773023 0.4226977]] [0]
[[0.18328019 0.06351959 0.75320022]] [2]
<class 'numpy.ndarray'>
[[0.48635284 0.51364716]] [1]
[[0.18403936 0.06467947 0.75128117]] [2]
<class 'numpy.ndarray'>
[[0.42212671 0.57787329]] [1]
[[0.18290102 0.06387308 0.7532259 ]] [2]
<class 'numpy.ndarray'>
[[0.49098323 0.50901677]] [1]
[[0.18263739 0.06341318 0.75394943]] [2]
<class 'numpy.ndarray'>
[[0.49182515 0.50817485]] [1]
[[0.1903306  0.0639992  0.74567019]] [2]
<class 'numpy.ndarray'>
[[0.54021919 0.45978081]] [0]
[[0.183394   0.06421989 0.75238612]] [2]
<class 'numpy.ndarray'>
[[0.44386154 0.55613846]] [1]
[[0.18358431 0.06452056 0.75189513]] [2]
<class 'numpy.ndarray'>
[[0.42461224 0.57538776]] [1]
[[0.18252755 0.064018   0.75345444]] [2]
<class 'numpy.ndarray'>
[[0.46185984 0.53814016]] [1]
[[0.16708144 0.08535851 0.74756005]] [2]
<class 'numpy.ndarray'>
[[0.47193725 0.52806275]] [1]
[[0.18462297 0.06480704 0.75056999]] [2]
<class 'numpy.ndarray'>
[[0.47996161 0.52003839]] [1]
[[0.18375275 0.06458147 0.75166578]] [2]
<class 'numpy.ndarray'>
[[0.42779613 0.57220387]] [1]
[[0.20609209 0.0650617  0.7288462 ]] [2]
<class 'numpy.ndarray'>
[[0.63535508 0.36464492]] [0]
[[0.16018568 0.09020499 0.74960933]] [2]
<class 'numpy.ndarray'>
[[0.49175828 0.50824172]] [1]
[[0.18309647 0.06398803 0.7529155 ]] [2]
<class 'numpy.ndarray'>
[[0.466037 0.533963]] [1]
[[0.18350706 0.06474425 0.75174868]] [2]
<class 'numpy.ndarray'>
[[0.42237827 0.57762173]] [1]
[[0.18358471 0.06463544 0.75177985]] [2]
<class 'numpy.ndarray'>
[[0.41780049 0.58219951]] [1]
[[0.18420018 0.06360575 0.75219407]] [2]
<class 'numpy.ndarray'>
[[0.51111954 0.48888046]] [1]
[[0.18356249 0.0645044  0.75193311]] [2]
<class 'numpy.ndarray'>
[[0.42945078 0.57054922]] [1]
[[0.18352085 0.0645086  0.75197055]] [2]
<class 'numpy.ndarray'>
[[0.42998711 0.57001289]] [1]
[[0.18358494 0.06460109 0.75181397]] [2]
<class 'numpy.ndarray'>
[[0.43137415 0.56862585]] [1]
[[0.18331184 0.0642953  0.75239286]] [2]
<class 'numpy.ndarray'>
[[0.43892651 0.56107349]] [1]
[[0.18351555 0.06457815 0.7519063 ]] [2]
<class 'numpy.ndarray'>
[[0.45911158 0.54088842]] [1]
[[0.18341803 0.06478318 0.75179879]] [2]
<class 'numpy.ndarray'>
[[0.48858751 0.51141249]] [1]
[[0.18322043 0.06430002 0.75247955]] [2]
<class 'numpy.ndarray'>
[[0.44612401 0.55387599]] [1]
[[0.18353845 0.06466594 0.75179561]] [2]
<class 'numpy.ndarray'>
[[0.41492229 0.58507771]] [1]
[[0.18355773 0.06460568 0.75183659]] [2]
<class 'numpy.ndarray'>
[[0.41561248 0.58438752]] [1]
[[0.13115293 0.08211594 0.78673113]] [2]
<class 'numpy.ndarray'>
[[0.59530205 0.40469795]] [0]
[[0.18058203 0.06544022 0.75397775]] [2]
<class 'numpy.ndarray'>
[[0.56155245 0.43844755]] [0]
[[0.17452109 0.06159164 0.76388727]] [2]
<class 'numpy.ndarray'>
[[0.58377784 0.41622216]] [0]
[[0.18356203 0.06446809 0.75196988]] [2]
<class 'numpy.ndarray'>
[[0.42443692 0.57556308]] [1]
[[0.18331113 0.0643028  0.75238607]] [2]
<class 'numpy.ndarray'>
[[0.43844721 0.56155279]] [1]
[[0.18355762 0.06450109 0.75194128]] [2]
<class 'numpy.ndarray'>
[[0.42710179 0.57289821]] [1]
[[0.18344255 0.06449771 0.75205974]] [2]
<class 'numpy.ndarray'>
[[0.4480385 0.5519615]] [1]
[[0.18422525 0.06372115 0.7520536 ]] [2]
<class 'numpy.ndarray'>
[[0.48843061 0.51156939]] [1]
[[0.66733003 0.12620384 0.20646612]] [0]
<class 'numpy.ndarray'>
[[0.64683637 0.35316363]] [0]
[[0.18364246 0.06445389 0.75190365]] [2]
<class 'numpy.ndarray'>
[[0.43173358 0.56826642]] [1]
[[0.16719814 0.09710569 0.73569618]] [2]
<class 'numpy.ndarray'>
[[0.63821442 0.36178558]] [0]
[[0.18121601 0.0645084  0.75427559]] [2]
<class 'numpy.ndarray'>
[[0.52080263 0.47919737]] [1]
[[0.22535211 0.06430221 0.71034568]] [2]
<class 'numpy.ndarray'>
[[0.64316236 0.35683764]] [0]
[[0.18300066 0.06392226 0.75307708]] [2]
<class 'numpy.ndarray'>
[[0.5 0.5]] [1]
[[0.18824476 0.06408594 0.7476693 ]] [2]
<class 'numpy.ndarray'>
[[0.55368008 0.44631992]] [0]
[[0.1879112  0.06238041 0.74970839]] [2]
<class 'numpy.ndarray'>
[[0.61991547 0.38008453]] [0]
[[0.18352408 0.06457047 0.75190545]] [2]
<class 'numpy.ndarray'>
[[0.45870441 0.54129559]] [1]
[[0.18802555 0.06235653 0.74961791]] [2]
<class 'numpy.ndarray'>
[[0.63090588 0.36909412]] [0]
[[0.14155513 0.09809174 0.76035313]] [2]
<class 'numpy.ndarray'>
[[0.63795309 0.36204691]] [0]
[[0.18333132 0.06427218 0.7523965 ]] [2]
<class 'numpy.ndarray'>
[[0.44577497 0.55422503]] [1]
[[0.18291523 0.06405807 0.7530267 ]] [2]
<class 'numpy.ndarray'>
[[0.48256606 0.51743394]] [1]
[[0.18316454 0.06431655 0.7525189 ]] [2]
<class 'numpy.ndarray'>
[[0.47548962 0.52451038]] [1]
[[0.18342077 0.06428156 0.75229767]] [2]
<class 'numpy.ndarray'>
[[0.45142066 0.54857934]] [1]
[[0.18350652 0.06444684 0.75204664]] [2]
<class 'numpy.ndarray'>
[[0.42449789 0.57550211]] [1]
[[0.18358331 0.06474029 0.7516764 ]] [2]
<class 'numpy.ndarray'>
[[0.46169792 0.53830208]] [1]
[[0.18329032 0.06407546 0.75263422]] [2]
<class 'numpy.ndarray'>
[[0.45993695 0.54006305]] [1]
[[0.18352922 0.0645442  0.75192658]] [2]
<class 'numpy.ndarray'>
[[0.41793604 0.58206396]] [1]
[[0.1816035  0.06381733 0.75457917]] [2]
<class 'numpy.ndarray'>
[[0.53664715 0.46335285]] [1]
[[0.18317439 0.06442044 0.75240517]] [2]
<class 'numpy.ndarray'>
[[0.43743212 0.56256788]] [1]
[[0.17625238 0.06165335 0.76209426]] [2]
<class 'numpy.ndarray'>
[[0.5518066 0.4481934]] [0]
[[0.18358027 0.06442352 0.75199621]] [2]
<class 'numpy.ndarray'>
[[0.43052327 0.56947673]] [1]
[[0.18345013 0.06432766 0.75222221]] [2]
<class 'numpy.ndarray'>
[[0.43938906 0.56061094]] [1]
[[0.18358791 0.06459942 0.75181267]] [2]
<class 'numpy.ndarray'>
[[0.4184434 0.5815566]] [1]
[[0.1789292  0.06461194 0.75645886]] [2]
<class 'numpy.ndarray'>
[[0.51722425 0.48277575]] [1]
[[0.18317079 0.06434126 0.75248794]] [2]
<class 'numpy.ndarray'>
[[0.45730959 0.54269041]] [1]
[[0.18357142 0.06463692 0.75179165]] [2]
<class 'numpy.ndarray'>
[[0.41976173 0.58023827]] [1]
[[0.18542732 0.0641919  0.75038078]] [2]
<class 'numpy.ndarray'>
[[0.5 0.5]] [1]
[[0.18353796 0.06444902 0.75201302]] [2]
<class 'numpy.ndarray'>
[[0.43355301 0.56644699]] [1]
[[0.1835423  0.06456403 0.75189367]] [2]
<class 'numpy.ndarray'>
[[0.41859552 0.58140448]] [1]
[[0.18362093 0.06454555 0.75183352]] [2]
<class 'numpy.ndarray'>
[[0.4230655 0.5769345]] [1]
[[0.1835012  0.06467131 0.75182749]] [2]
<class 'numpy.ndarray'>
[[0.41124972 0.58875028]] [1]
[[0.18354813 0.06459311 0.75185876]] [2]
<class 'numpy.ndarray'>
[[0.41967473 0.58032527]] [1]
[[0.18351862 0.06448236 0.75199902]] [2]
<class 'numpy.ndarray'>
[[0.42146828 0.57853172]] [1]
[[0.18363842 0.06480971 0.75155186]] [2]
<class 'numpy.ndarray'>
[[0.48955894 0.51044106]] [1]
[[0.18365774 0.06462993 0.75171233]] [2]
<class 'numpy.ndarray'>
[[0.42281056 0.57718944]] [1]
[[0.18361505 0.06441849 0.75196646]] [2]
<class 'numpy.ndarray'>
[[0.43341721 0.56658279]] [1]
[[0.18336987 0.0644387  0.75219143]] [2]
<class 'numpy.ndarray'>
[[0.43717241 0.56282759]] [1]
[[0.18352874 0.06451567 0.75195558]] [2]
<class 'numpy.ndarray'>
[[0.42589557 0.57410443]] [1]
[[0.18309642 0.06280866 0.75409492]] [2]
<class 'numpy.ndarray'>
[[0.54224802 0.45775198]] [0]
[[0.18369023 0.0648791  0.75143067]] [2]
<class 'numpy.ndarray'>
[[0.47975625 0.52024375]] [1]
[[0.21506539 0.06551462 0.71941998]] [2]
<class 'numpy.ndarray'>
[[0.65232582 0.34767418]] [0]
[[0.18356376 0.06451254 0.75192369]] [2]
<class 'numpy.ndarray'>
[[0.42149669 0.57850331]] [1]
[[0.18342396 0.06462383 0.75195221]] [2]
<class 'numpy.ndarray'>
[[0.47526654 0.52473346]] [1]
[[0.18344896 0.06480345 0.7517476 ]] [2]
<class 'numpy.ndarray'>
[[0.4424987 0.5575013]] [1]
[[0.11501785 0.25793318 0.62704897]] [2]
<class 'numpy.ndarray'>
[[0.61056739 0.38943261]] [0]
[[0.18354583 0.06458893 0.75186523]] [2]
<class 'numpy.ndarray'>
[[0.41955825 0.58044175]] [1]
[[0.18349822 0.06472761 0.75177417]] [2]
<class 'numpy.ndarray'>
[[0.41321593 0.58678407]] [1]
[[0.18384012 0.06461364 0.75154624]] [2]
<class 'numpy.ndarray'>
[[0.43541205 0.56458795]] [1]
[[0.18352228 0.0645587  0.75191902]] [2]
<class 'numpy.ndarray'>
[[0.41868784 0.58131216]] [1]
[[0.18699047 0.06408288 0.74892664]] [2]
<class 'numpy.ndarray'>
[[0.52647789 0.47352211]] [1]
[[0.18344105 0.06467391 0.75188504]] [2]
<class 'numpy.ndarray'>
[[0.41136861 0.58863139]] [1]
[[0.18056326 0.06431475 0.75512199]] [2]
<class 'numpy.ndarray'>
[[0.51649828 0.48350172]] [1]
[[0.19931611 0.06452048 0.73616341]] [2]
<class 'numpy.ndarray'>
[[0.6476337 0.3523663]] [0]
[[0.18347068 0.06442921 0.75210011]] [2]
<class 'numpy.ndarray'>
[[0.44134755 0.55865245]] [1]
[[0.18355725 0.06450266 0.75194009]] [2]
<class 'numpy.ndarray'>
[[0.4206656 0.5793344]] [1]
[[0.18353856 0.06467509 0.75178634]] [2]
<class 'numpy.ndarray'>
[[0.4148055 0.5851945]] [1]
[[0.18047237 0.06391322 0.75561441]] [2]
<class 'numpy.ndarray'>
[[0.5 0.5]] [1]
[[0.1832307  0.06456665 0.75220265]] [2]
<class 'numpy.ndarray'>
[[0.44112212 0.55887788]] [1]
[[0.18321804 0.06433813 0.75244383]] [2]
<class 'numpy.ndarray'>
[[0.4758592 0.5241408]] [1]
[[0.18374445 0.06458094 0.75167461]] [2]
<class 'numpy.ndarray'>
[[0.4272142 0.5727858]] [1]
[[0.18352345 0.0646209  0.75185565]] [2]
<class 'numpy.ndarray'>
[[0.41594616 0.58405384]] [1]
[[0.41212923 0.09841255 0.48945821]] [2]
<class 'numpy.ndarray'>
[[0.64689995 0.35310005]] [0]
[[0.15050736 0.06203296 0.78745967]] [2]
<class 'numpy.ndarray'>
[[0.57736459 0.42263541]] [0]
[[0.18353555 0.06462929 0.75183517]] [2]
<class 'numpy.ndarray'>
[[0.41598524 0.58401476]] [1]
[[0.18318342 0.06530585 0.75151073]] [2]
<class 'numpy.ndarray'>
[[0.54797869 0.45202131]] [0]
[[0.18373719 0.06381577 0.75244704]] [2]
<class 'numpy.ndarray'>
[[0.47378354 0.52621646]] [1]
[[0.1835096  0.06447335 0.75201704]] [2]
<class 'numpy.ndarray'>
[[0.42999328 0.57000672]] [1]
[[0.18357846 0.06454917 0.75187238]] [2]
<class 'numpy.ndarray'>
[[0.44760117 0.55239883]] [1]
[[0.18312977 0.06463827 0.75223196]] [2]
<class 'numpy.ndarray'>
[[0.4755656 0.5244344]] [1]
[[0.19011414 0.06518873 0.74469713]] [2]
<class 'numpy.ndarray'>
[[0.46489571 0.53510429]] [1]
[[0.18349995 0.06457323 0.75192682]] [2]
<class 'numpy.ndarray'>
[[0.4248063 0.5751937]] [1]
[[0.18363206 0.06441723 0.7519507 ]] [2]
<class 'numpy.ndarray'>
[[0.43860557 0.56139443]] [1]
[[0.18361399 0.06447166 0.75191434]] [2]
<class 'numpy.ndarray'>
[[0.45565092 0.54434908]] [1]
[[0.18260383 0.06519365 0.75220252]] [2]
<class 'numpy.ndarray'>
[[0.5 0.5]] [1]
[[0.18351131 0.06463569 0.75185299]] [2]
<class 'numpy.ndarray'>
[[0.46151083 0.53848917]] [1]
[[0.18355933 0.06464752 0.75179316]] [2]
<class 'numpy.ndarray'>
[[0.41592309 0.58407691]] [1]
[[0.20237431 0.06439783 0.73322786]] [2]
<class 'numpy.ndarray'>
[[0.5978773 0.4021227]] [0]
[[0.18361256 0.0645569  0.75183054]] [2]
<class 'numpy.ndarray'>
[[0.44106901 0.55893099]] [1]
[[0.17922277 0.06294067 0.75783656]] [2]
<class 'numpy.ndarray'>
[[0.5070921 0.4929079]] [1]
[[0.18255755 0.06439467 0.75304778]] [2]
<class 'numpy.ndarray'>
[[0.48115893 0.51884107]] [1]
[[0.1849172  0.06315751 0.75192529]] [2]
<class 'numpy.ndarray'>
[[0.58681329 0.41318671]] [0]
[[0.72345841 0.13124214 0.14529945]] [0]
<class 'numpy.ndarray'>
[[0.70665899 0.29334101]] [0]
[[0.18349783 0.06441955 0.75208262]] [2]
<class 'numpy.ndarray'>
[[0.44035206 0.55964794]] [1]
[[0.1848049  0.06175229 0.75344281]] [2]
<class 'numpy.ndarray'>
[[0.45096091 0.54903909]] [1]
[[0.18372033 0.06458135 0.75169831]] [2]
<class 'numpy.ndarray'>
[[0.42560212 0.57439788]] [1]
[[0.18351033 0.06385527 0.7526344 ]] [2]
<class 'numpy.ndarray'>
[[0.47716797 0.52283203]] [1]
[[0.18228623 0.06715317 0.7505606 ]] [2]
<class 'numpy.ndarray'>
[[0.57490678 0.42509322]] [0]
[[0.18358912 0.06475584 0.75165504]] [2]
<class 'numpy.ndarray'>
[[0.41382124 0.58617876]] [1]
[[0.15220883 0.0944107  0.75338046]] [2]
<class 'numpy.ndarray'>
[[0.51414623 0.48585377]] [1]
[[0.11651778 0.14021244 0.74326979]] [2]
<class 'numpy.ndarray'>
[[0.51239163 0.48760837]] [1]
[[0.18000646 0.06198267 0.75801087]] [2]
<class 'numpy.ndarray'>
[[0.55037901 0.44962099]] [0]
[[0.18349969 0.06443379 0.75206653]] [2]
<class 'numpy.ndarray'>
[[0.43072355 0.56927645]] [1]
[[0.18333731 0.06464101 0.75202168]] [2]
<class 'numpy.ndarray'>
[[0.48190439 0.51809561]] [1]
[[0.18344368 0.06430731 0.752249  ]] [2]
<class 'numpy.ndarray'>
[[0.44816793 0.55183207]] [1]
[[0.18382442 0.06446865 0.75170693]] [2]
<class 'numpy.ndarray'>
[[0.43890983 0.56109017]] [1]
[[0.22369945 0.06694333 0.70935722]] [2]
<class 'numpy.ndarray'>
[[0.49343068 0.50656932]] [1]
[[0.18075198 0.06415478 0.75509324]] [2]
<class 'numpy.ndarray'>
[[0.51908861 0.48091139]] [1]
[[0.1835747  0.06454601 0.75187929]] [2]
<class 'numpy.ndarray'>
[[0.42471957 0.57528043]] [1]
[[0.1836466  0.06492991 0.75142349]] [2]
<class 'numpy.ndarray'>
[[0.55030331 0.44969669]] [0]
[[0.18344238 0.06435728 0.75220034]] [2]
<class 'numpy.ndarray'>
[[0.44657636 0.55342364]] [1]
[[0.18353102 0.06454496 0.75192401]] [2]
<class 'numpy.ndarray'>
[[0.42773343 0.57226657]] [1]
[[0.1831117  0.06410645 0.75278185]] [2]
<class 'numpy.ndarray'>
[[0.47528075 0.52471925]] [1]
[[0.18346094 0.06434151 0.75219755]] [2]
<class 'numpy.ndarray'>
[[0.44733823 0.55266177]] [1]
[[0.18332282 0.06434072 0.75233645]] [2]
<class 'numpy.ndarray'>
[[0.46919555 0.53080445]] [1]
[[0.18348786 0.0644567  0.75205544]] [2]
<class 'numpy.ndarray'>
[[0.44558999 0.55441001]] [1]
[[0.18353503 0.06453891 0.75192606]] [2]
<class 'numpy.ndarray'>
[[0.43594952 0.56405048]] [1]
[[0.78113458 0.12414305 0.09472238]] [0]
<class 'numpy.ndarray'>
[[0.62835191 0.37164809]] [0]
[[0.18359627 0.06459899 0.75180473]] [2]
<class 'numpy.ndarray'>
[[0.41894334 0.58105666]] [1]
[[0.18313169 0.06470922 0.75215909]] [2]
<class 'numpy.ndarray'>
[[0.46303276 0.53696724]] [1]
[[0.183769   0.06488006 0.75135094]] [2]
<class 'numpy.ndarray'>
[[0.47066 0.52934]] [1]
[[0.18354998 0.06455065 0.75189937]] [2]
<class 'numpy.ndarray'>
[[0.42522727 0.57477273]] [1]
[[0.16114706 0.08956804 0.7492849 ]] [2]
<class 'numpy.ndarray'>
[[0.64683381 0.35316619]] [0]
[[0.18356056 0.064521   0.75191844]] [2]
<class 'numpy.ndarray'>
[[0.43147153 0.56852847]] [1]
[[0.18339425 0.06428171 0.75232404]] [2]
<class 'numpy.ndarray'>
[[0.45483933 0.54516067]] [1]
[[0.18356051 0.06449339 0.7519461 ]] [2]
<class 'numpy.ndarray'>
[[0.43949218 0.56050782]] [1]
[[0.18364509 0.06450913 0.75184577]] [2]
<class 'numpy.ndarray'>
[[0.42587382 0.57412618]] [1]
[[0.18350806 0.06447251 0.75201942]] [2]
<class 'numpy.ndarray'>
[[0.4340591 0.5659409]] [1]
[[0.2307556  0.06628601 0.70295839]] [2]
<class 'numpy.ndarray'>
[[0.66312071 0.33687929]] [0]
[[0.18366785 0.0642613  0.75207085]] [2]
<class 'numpy.ndarray'>
[[0.47352266 0.52647734]] [1]
[[0.18372399 0.06471738 0.75155863]] [2]
<class 'numpy.ndarray'>
[[0.41109099 0.58890901]] [1]
[[0.18360234 0.06453741 0.75186025]] [2]
<class 'numpy.ndarray'>
[[0.43275289 0.56724711]] [1]
[[0.18352711 0.06453772 0.75193517]] [2]
<class 'numpy.ndarray'>
[[0.41755366 0.58244634]] [1]
[[0.18423377 0.05466612 0.76110011]] [2]
<class 'numpy.ndarray'>
[[0.59353732 0.40646268]] [0]
[[0.19159578 0.05899826 0.74940596]] [2]
<class 'numpy.ndarray'>
[[0.63115968 0.36884032]] [0]
[[0.18369479 0.06459984 0.75170537]] [2]
<class 'numpy.ndarray'>
[[0.44788203 0.55211797]] [1]
[[0.18368841 0.06465883 0.75165276]] [2]
<class 'numpy.ndarray'>
[[0.42654554 0.57345446]] [1]
[[0.18307701 0.06410014 0.75282285]] [2]
<class 'numpy.ndarray'>
[[0.47647275 0.52352725]] [1]
[[0.18354194 0.06443417 0.75202389]] [2]
<class 'numpy.ndarray'>
[[0.44489197 0.55510803]] [1]
[[0.18353833 0.06466954 0.75179213]] [2]
<class 'numpy.ndarray'>
[[0.4334758 0.5665242]] [1]
[[0.18513685 0.06360323 0.75125992]] [2]
<class 'numpy.ndarray'>
[[0.50878873 0.49121127]] [1]
[[0.18338193 0.06432386 0.75229422]] [2]
<class 'numpy.ndarray'>
[[0.45244664 0.54755336]] [1]
[[0.18327138 0.0634713  0.75325733]] [2]
<class 'numpy.ndarray'>
[[0.52563456 0.47436544]] [1]
[[0.18232497 0.06477589 0.75289914]] [2]
<class 'numpy.ndarray'>
[[0.52221311 0.47778689]] [1]
[[0.18357005 0.06459965 0.75183031]] [2]
<class 'numpy.ndarray'>
[[0.44198498 0.55801502]] [1]
[[0.18494306 0.06272447 0.75233247]] [2]
<class 'numpy.ndarray'>
[[0.53785614 0.46214386]] [1]
[[0.28838744 0.07260805 0.63900451]] [2]
<class 'numpy.ndarray'>
[[0.67888314 0.32111686]] [0]
[[0.18357536 0.06448724 0.7519374 ]] [2]
<class 'numpy.ndarray'>
[[0.43573071 0.56426929]] [1]
[[0.18355513 0.06463985 0.75180502]] [2]
<class 'numpy.ndarray'>
[[0.43314301 0.56685699]] [1]
[[0.18358376 0.06453452 0.75188172]] [2]
<class 'numpy.ndarray'>
[[0.41930097 0.58069903]] [1]
[[0.18357438 0.0645173  0.75190832]] [2]
<class 'numpy.ndarray'>
[[0.42238426 0.57761574]] [1]
[[0.18312221 0.064395   0.75248278]] [2]
<class 'numpy.ndarray'>
[[0.44442088 0.55557912]] [1]
[[0.17622452 0.06273761 0.76103786]] [2]
<class 'numpy.ndarray'>
[[0.60142799 0.39857201]] [0]
[[0.21911769 0.07031651 0.71056581]] [2]
<class 'numpy.ndarray'>
[[0.64683573 0.35316427]] [0]
[[0.18108877 0.06449178 0.75441944]] [2]
<class 'numpy.ndarray'>
[[0.50591177 0.49408823]] [1]
[[0.18355758 0.0643417  0.75210072]] [2]
<class 'numpy.ndarray'>
[[0.43707023 0.56292977]] [1]
[[0.18362053 0.06436001 0.75201947]] [2]
<class 'numpy.ndarray'>
[[0.44667503 0.55332497]] [1]
[[0.18351788 0.06452484 0.75195728]] [2]
<class 'numpy.ndarray'>
[[0.42756367 0.57243633]] [1]
[[0.18356827 0.06422723 0.7522045 ]] [2]
<class 'numpy.ndarray'>
[[0.44356966 0.55643034]] [1]
[[0.18353586 0.06454547 0.75191866]] [2]
<class 'numpy.ndarray'>
[[0.42801857 0.57198143]] [1]
[[0.1833486  0.06432274 0.75232866]] [2]
<class 'numpy.ndarray'>
[[0.45201618 0.54798382]] [1]
[[0.18351594 0.06459119 0.75189287]] [2]
<class 'numpy.ndarray'>
[[0.42306306 0.57693694]] [1]
[[0.18330878 0.06460495 0.75208627]] [2]
<class 'numpy.ndarray'>
[[0.47339554 0.52660446]] [1]
[[0.1833849  0.06421251 0.75240259]] [2]
<class 'numpy.ndarray'>
[[0.45117065 0.54882935]] [1]
[[0.18320525 0.06401282 0.75278194]] [2]
<class 'numpy.ndarray'>
[[0.46121859 0.53878141]] [1]
[[0.18267278 0.06438106 0.75294616]] [2]
<class 'numpy.ndarray'>
[[0.53788475 0.46211525]] [1]
[[0.18345476 0.06440329 0.75214195]] [2]
<class 'numpy.ndarray'>
[[0.44663022 0.55336978]] [1]
[[0.18360325 0.06440131 0.75199544]] [2]
<class 'numpy.ndarray'>
[[0.42929251 0.57070749]] [1]
[[0.1829127 0.0643591 0.7527282]] [2]
<class 'numpy.ndarray'>
[[0.44720229 0.55279771]] [1]
[[0.18325585 0.06413211 0.75261204]] [2]
<class 'numpy.ndarray'>
[[0.45156035 0.54843965]] [1]
[[0.18349372 0.06451359 0.7519927 ]] [2]
<class 'numpy.ndarray'>
[[0.43141003 0.56858997]] [1]
[[0.18352868 0.06465185 0.75181947]] [2]
<class 'numpy.ndarray'>
[[0.41473953 0.58526047]] [1]
[[0.18344945 0.06467194 0.75187861]] [2]
<class 'numpy.ndarray'>
[[0.41134348 0.58865652]] [1]
[[0.18353357 0.06453219 0.75193425]] [2]
<class 'numpy.ndarray'>
[[0.42578141 0.57421859]] [1]
[[0.11039353 0.23618315 0.65342332]] [2]
<class 'numpy.ndarray'>
[[0.64878333 0.35121667]] [0]
[[0.18361351 0.06455478 0.75183172]] [2]
<class 'numpy.ndarray'>
[[0.4418928 0.5581072]] [1]
[[0.1834397  0.06472423 0.75183606]] [2]
<class 'numpy.ndarray'>
[[0.48323119 0.51676881]] [1]
[[0.3046699  0.08711372 0.60821637]] [2]
<class 'numpy.ndarray'>
[[0.63951693 0.36048307]] [0]
[[0.1175866 0.2240132 0.6584002]] [2]
<class 'numpy.ndarray'>
[[0.64913308 0.35086692]] [0]
[[0.18348504 0.06431996 0.752195  ]] [2]
<class 'numpy.ndarray'>
[[0.43806099 0.56193901]] [1]
[[0.19062904 0.06513279 0.74423817]] [2]
<class 'numpy.ndarray'>
[[0.61265233 0.38734767]] [0]
[[0.18357918 0.06466386 0.75175696]] [2]
<class 'numpy.ndarray'>
[[0.41602496 0.58397504]] [1]
[[0.18380602 0.06459421 0.75159978]] [2]
<class 'numpy.ndarray'>
[[0.43200043 0.56799957]] [1]
[[0.18362907 0.064479   0.75189193]] [2]
<class 'numpy.ndarray'>
[[0.42626518 0.57373482]] [1]
[[0.18353749 0.06466191 0.7518006 ]] [2]
<class 'numpy.ndarray'>
[[0.437459 0.562541]] [1]
[[0.18334111 0.06460172 0.75205718]] [2]
<class 'numpy.ndarray'>
[[0.47274309 0.52725691]] [1]
[[0.18440954 0.062502   0.75308845]] [2]
<class 'numpy.ndarray'>
[[0.5514169 0.4485831]] [0]
[[0.18041595 0.06310411 0.75647993]] [2]
<class 'numpy.ndarray'>
[[0.61616268 0.38383732]] [0]
[[0.18332484 0.06396981 0.75270535]] [2]
<class 'numpy.ndarray'>
[[0.48627008 0.51372992]] [1]
[[0.18368176 0.06420899 0.75210925]] [2]
<class 'numpy.ndarray'>
[[0.44528238 0.55471762]] [1]
[[0.17722408 0.06297413 0.75980179]] [2]
<class 'numpy.ndarray'>
[[0.60126882 0.39873118]] [0]
[[0.57163437 0.10900264 0.31936299]] [2]
<class 'numpy.ndarray'>
[[0.61177165 0.38822835]] [0]
[[0.18329638 0.06485063 0.75185299]] [2]
<class 'numpy.ndarray'>
[[0.47653635 0.52346365]] [1]
[[0.18271928 0.06389451 0.75338621]] [2]
<class 'numpy.ndarray'>
[[0.4752664 0.5247336]] [1]
[[0.18577168 0.06303645 0.75119187]] [2]
<class 'numpy.ndarray'>
[[0.59809286 0.40190714]] [0]
[[0.18326343 0.06409977 0.7526368 ]] [2]
<class 'numpy.ndarray'>
[[0.45575642 0.54424358]] [1]
[[0.18173034 0.06278511 0.75548455]] [2]
<class 'numpy.ndarray'>
[[0.52333717 0.47666283]] [1]
[[0.17839634 0.06374375 0.75785991]] [2]
<class 'numpy.ndarray'>
[[0.5768196 0.4231804]] [0]
[[0.18343234 0.06458199 0.75198567]] [2]
<class 'numpy.ndarray'>
[[0.4344403 0.5655597]] [1]
[[0.18250898 0.06471208 0.75277894]] [2]
<class 'numpy.ndarray'>
[[0.44243798 0.55756202]] [1]
[[0.18347761 0.06435666 0.75216573]] [2]
<class 'numpy.ndarray'>
[[0.44927347 0.55072653]] [1]
[[0.18353649 0.06447059 0.75199291]] [2]
<class 'numpy.ndarray'>
[[0.43255246 0.56744754]] [1]
[[0.18097358 0.06246596 0.75656046]] [2]
<class 'numpy.ndarray'>
[[0.52967287 0.47032713]] [1]
[[0.18356118 0.06465483 0.75178398]] [2]
<class 'numpy.ndarray'>
[[0.41655466 0.58344534]] [1]
[[0.18352503 0.06362159 0.75285338]] [2]
<class 'numpy.ndarray'>
[[0.48650322 0.51349678]] [1]
[[0.18347889 0.06439826 0.75212285]] [2]
<class 'numpy.ndarray'>
[[0.43881561 0.56118439]] [1]
[[0.18376855 0.06453934 0.75169212]] [2]
<class 'numpy.ndarray'>
[[0.42830834 0.57169166]] [1]
[[0.18096117 0.06403028 0.75500856]] [2]
<class 'numpy.ndarray'>
[[0.47231354 0.52768646]] [1]
[[0.17992448 0.06345572 0.7566198 ]] [2]
<class 'numpy.ndarray'>
[[0.5 0.5]] [1]
[[0.18367035 0.06455771 0.75177194]] [2]
<class 'numpy.ndarray'>
[[0.45283512 0.54716488]] [1]
[[0.18287608 0.06391273 0.75321119]] [2]
<class 'numpy.ndarray'>
[[0.46546494 0.53453506]] [1]
[[0.18349716 0.06431398 0.75218886]] [2]
<class 'numpy.ndarray'>
[[0.43621738 0.56378262]] [1]
[[0.1833942  0.06440097 0.75220484]] [2]
<class 'numpy.ndarray'>
[[0.46656833 0.53343167]] [1]
[[0.18348893 0.06428289 0.75222818]] [2]
<class 'numpy.ndarray'>
[[0.45724291 0.54275709]] [1]
[[0.18349553 0.06437276 0.75213171]] [2]
<class 'numpy.ndarray'>
[[0.43685157 0.56314843]] [1]
[[0.18264502 0.06399798 0.753357  ]] [2]
<class 'numpy.ndarray'>
[[0.46720677 0.53279323]] [1]
[[0.18352635 0.06442343 0.75205021]] [2]
<class 'numpy.ndarray'>
[[0.43315232 0.56684768]] [1]
[[0.18355424 0.06464348 0.75180229]] [2]
<class 'numpy.ndarray'>
[[0.43167313 0.56832687]] [1]
[[0.18378342 0.06459074 0.75162584]] [2]
<class 'numpy.ndarray'>
[[0.43464408 0.56535592]] [1]
[[0.18276323 0.06361406 0.7536227 ]] [2]
<class 'numpy.ndarray'>
[[0.53389258 0.46610742]] [1]
[[0.1832984  0.06431726 0.75238434]] [2]
<class 'numpy.ndarray'>
[[0.46077845 0.53922155]] [1]
[[0.18322375 0.06417902 0.75259722]] [2]
<class 'numpy.ndarray'>
[[0.45362587 0.54637413]] [1]
[[0.18358458 0.06456946 0.75184597]] [2]
<class 'numpy.ndarray'>
[[0.44673083 0.55326917]] [1]
[[0.18332126 0.0624616  0.75421713]] [2]
<class 'numpy.ndarray'>
[[0.5665879 0.4334121]] [0]
[[0.18365023 0.06460611 0.75174366]] [2]
<class 'numpy.ndarray'>
[[0.42060477 0.57939523]] [1]
[[0.18325446 0.06422463 0.75252091]] [2]
<class 'numpy.ndarray'>
[[0.45565906 0.54434094]] [1]
[[0.1812554  0.06287502 0.75586958]] [2]
<class 'numpy.ndarray'>
[[0.56069954 0.43930046]] [0]
[[0.18356584 0.06463476 0.75179941]] [2]
<class 'numpy.ndarray'>
[[0.42375014 0.57624986]] [1]
[[0.18353303 0.06468272 0.75178425]] [2]
<class 'numpy.ndarray'>
[[0.42146484 0.57853516]] [1]
[[0.17431515 0.06585271 0.75983214]] [2]
<class 'numpy.ndarray'>
[[0.59015535 0.40984465]] [0]
[[0.18192115 0.06395172 0.75412713]] [2]
<class 'numpy.ndarray'>
[[0.47911054 0.52088946]] [1]
[[0.19648966 0.06390335 0.73960699]] [2]
<class 'numpy.ndarray'>
[[0.59631112 0.40368888]] [0]
[[0.1837193  0.06396965 0.75231105]] [2]
<class 'numpy.ndarray'>
[[0.55160725 0.44839275]] [0]
[[0.18353359 0.06455472 0.75191169]] [2]
<class 'numpy.ndarray'>
[[0.42324169 0.57675831]] [1]
[[0.18622653 0.06440377 0.74936969]] [2]
<class 'numpy.ndarray'>
[[0.5 0.5]] [1]
[[0.18335729 0.0641011  0.75254162]] [2]
<class 'numpy.ndarray'>
[[0.4789978 0.5210022]] [1]
[[0.18335606 0.06486112 0.75178282]] [2]
<class 'numpy.ndarray'>
[[0.49269127 0.50730873]] [1]
[[0.18348938 0.06422071 0.75228991]] [2]
<class 'numpy.ndarray'>
[[0.45023265 0.54976735]] [1]
[[0.18335035 0.06447466 0.75217499]] [2]
<class 'numpy.ndarray'>
[[0.45914849 0.54085151]] [1]
[[0.19252265 0.06350497 0.74397239]] [2]
<class 'numpy.ndarray'>
[[0.64355959 0.35644041]] [0]
[[0.18856674 0.0599197  0.75151356]] [2]
<class 'numpy.ndarray'>
[[0.62732314 0.37267686]] [0]
[[0.18337301 0.06428745 0.75233954]] [2]
<class 'numpy.ndarray'>
[[0.43821016 0.56178984]] [1]
[[0.18350124 0.06436616 0.75213259]] [2]
<class 'numpy.ndarray'>
[[0.43414691 0.56585309]] [1]
[[0.18344884 0.06471303 0.75183813]] [2]
<class 'numpy.ndarray'>
[[0.47562948 0.52437052]] [1]
[[0.18885159 0.06271821 0.7484302 ]] [2]
<class 'numpy.ndarray'>
[[0.58832118 0.41167882]] [0]
[[0.18200953 0.06469678 0.75329369]] [2]
<class 'numpy.ndarray'>
[[0.48062867 0.51937133]] [1]
[[0.17998544 0.06314886 0.7568657 ]] [2]
<class 'numpy.ndarray'>
[[0.52962568 0.47037432]] [1]
[[0.18155282 0.06286437 0.75558281]] [2]
<class 'numpy.ndarray'>
[[0.52534504 0.47465496]] [1]
[[0.18343306 0.06425025 0.75231669]] [2]
<class 'numpy.ndarray'>
[[0.44904919 0.55095081]] [1]
[[0.18422249 0.06371834 0.75205917]] [2]
<class 'numpy.ndarray'>
[[0.50865906 0.49134094]] [1]
[[0.18193419 0.06420346 0.75386236]] [2]
<class 'numpy.ndarray'>
[[0.42723393 0.57276607]] [1]
[[0.18344713 0.06429139 0.75226148]] [2]
<class 'numpy.ndarray'>
[[0.43925574 0.56074426]] [1]
[[0.18350073 0.06453321 0.75196607]] [2]
<class 'numpy.ndarray'>
[[0.43381271 0.56618729]] [1]
[[0.18316343 0.06390998 0.7529266 ]] [2]
<class 'numpy.ndarray'>
[[0.5 0.5]] [1]
[[0.18355773 0.064359   0.75208327]] [2]
<class 'numpy.ndarray'>
[[0.44381845 0.55618155]] [1]
[[0.18170923 0.06542231 0.75286847]] [2]
<class 'numpy.ndarray'>
[[0.510573 0.489427]] [1]
[[0.18302658 0.06402379 0.75294963]] [2]
<class 'numpy.ndarray'>
[[0.4569441 0.5430559]] [1]
[[0.18346387 0.06427677 0.75225936]] [2]
<class 'numpy.ndarray'>
[[0.43843988 0.56156012]] [1]
[[0.18507526 0.06336485 0.75155989]] [2]
<class 'numpy.ndarray'>
[[0.52733508 0.47266492]] [1]
[[0.18298024 0.06393876 0.75308101]] [2]
<class 'numpy.ndarray'>
[[0.47311844 0.52688156]] [1]
[[0.18360877 0.06455876 0.75183247]] [2]
<class 'numpy.ndarray'>
[[0.49064232 0.50935768]] [1]
[[0.18342985 0.06467911 0.75189105]] [2]
<class 'numpy.ndarray'>
[[0.41141599 0.58858401]] [1]
[[0.18344943 0.06433298 0.75221758]] [2]
<class 'numpy.ndarray'>
[[0.43706863 0.56293137]] [1]
[[0.18140222 0.06489149 0.75370629]] [2]
<class 'numpy.ndarray'>
[[0.52353155 0.47646845]] [1]
[[0.18332526 0.06415082 0.75252392]] [2]
<class 'numpy.ndarray'>
[[0.45247289 0.54752711]] [1]
[[0.17795445 0.07073912 0.75130643]] [2]
<class 'numpy.ndarray'>
[[0.59329834 0.40670166]] [0]
[[0.18349929 0.06437101 0.7521297 ]] [2]
<class 'numpy.ndarray'>
[[0.43219927 0.56780073]] [1]
[[0.18329926 0.06411654 0.75258419]] [2]
<class 'numpy.ndarray'>
[[0.45943154 0.54056846]] [1]
[[0.18356075 0.06531596 0.75112329]] [2]
<class 'numpy.ndarray'>
[[0.55700155 0.44299845]] [0]
[[0.1834746  0.06436802 0.75215738]] [2]
<class 'numpy.ndarray'>
[[0.43883756 0.56116244]] [1]
[[0.18364336 0.06455352 0.75180312]] [2]
<class 'numpy.ndarray'>
[[0.43564542 0.56435458]] [1]
[[0.18378674 0.06438649 0.75182678]] [2]
<class 'numpy.ndarray'>
[[0.44786609 0.55213391]] [1]
[[0.18345549 0.06435048 0.75219403]] [2]
<class 'numpy.ndarray'>
[[0.44212897 0.55787103]] [1]
[[0.18319493 0.06409679 0.75270829]] [2]
<class 'numpy.ndarray'>
[[0.46251326 0.53748674]] [1]
[[0.18350026 0.06431228 0.75218746]] [2]
<class 'numpy.ndarray'>
[[0.4545429 0.5454571]] [1]
[[0.18337552 0.06426553 0.75235895]] [2]
<class 'numpy.ndarray'>
[[0.45140806 0.54859194]] [1]
[[0.18355803 0.06447665 0.75196532]] [2]
<class 'numpy.ndarray'>
[[0.43878368 0.56121632]] [1]
[[0.1830211  0.06451152 0.75246738]] [2]
<class 'numpy.ndarray'>
[[0.44162054 0.55837946]] [1]
[[0.18331396 0.06423072 0.75245532]] [2]
<class 'numpy.ndarray'>
[[0.45055699 0.54944301]] [1]
[[0.18338349 0.06423701 0.7523795 ]] [2]
<class 'numpy.ndarray'>
[[0.45022526 0.54977474]] [1]
[[0.18350465 0.06446251 0.75203284]] [2]
<class 'numpy.ndarray'>
[[0.42788432 0.57211568]] [1]
[[0.18344884 0.06345319 0.75309797]] [2]
<class 'numpy.ndarray'>
[[0.5158254 0.4841746]] [1]
[[0.1834005  0.06429814 0.75230136]] [2]
<class 'numpy.ndarray'>
[[0.44523014 0.55476986]] [1]
[[0.17153094 0.08150616 0.7469629 ]] [2]
<class 'numpy.ndarray'>
[[0.60434185 0.39565815]] [0]
[[0.18343062 0.06438485 0.75218453]] [2]
<class 'numpy.ndarray'>
[[0.45518936 0.54481064]] [1]
[[0.18356109 0.06453084 0.75190807]] [2]
<class 'numpy.ndarray'>
[[0.42523036 0.57476964]] [1]
[[0.1860405  0.06497419 0.74898531]] [2]
<class 'numpy.ndarray'>
[[0.4423165 0.5576835]] [1]
[[0.1837129  0.06458204 0.75170505]] [2]
<class 'numpy.ndarray'>
[[0.42512573 0.57487427]] [1]
[[0.31343365 0.06589929 0.62066706]] [2]
<class 'numpy.ndarray'>
[[0.70194508 0.29805492]] [0]
[[0.18323699 0.06431439 0.75244862]] [2]
<class 'numpy.ndarray'>
[[0.45905451 0.54094549]] [1]
[[0.17897576 0.06441078 0.75661346]] [2]
<class 'numpy.ndarray'>
[[0.522383 0.477617]] [1]
[[0.18152591 0.0640524  0.75442169]] [2]
<class 'numpy.ndarray'>
[[0.52945753 0.47054247]] [1]
[[0.18358723 0.06459628 0.7518165 ]] [2]
<class 'numpy.ndarray'>
[[0.43265692 0.56734308]] [1]
[[0.18204828 0.06393437 0.75401735]] [2]
<class 'numpy.ndarray'>
[[0.51398356 0.48601644]] [1]
[[0.18359531 0.06455881 0.75184588]] [2]
<class 'numpy.ndarray'>
[[0.43346051 0.56653949]] [1]
[[0.17713822 0.06292219 0.75993959]] [2]
<class 'numpy.ndarray'>
[[0.51931219 0.48068781]] [1]
[[0.18356452 0.06466774 0.75176774]] [2]
<class 'numpy.ndarray'>
[[0.41835873 0.58164127]] [1]
[[0.18421172 0.06468021 0.75110807]] [2]
<class 'numpy.ndarray'>
[[0.4310647 0.5689353]] [1]
[[0.15555138 0.10753461 0.73691401]] [2]
<class 'numpy.ndarray'>
[[0.43222498 0.56777502]] [1]
[[0.18216268 0.06342192 0.7544154 ]] [2]
<class 'numpy.ndarray'>
[[0.55524271 0.44475729]] [0]
[[0.18350914 0.06451892 0.75197194]] [2]
<class 'numpy.ndarray'>
[[0.4238745 0.5761255]] [1]
[[0.18352912 0.06451506 0.75195583]] [2]
<class 'numpy.ndarray'>
[[0.43521966 0.56478034]] [1]
[[0.3478182  0.06945248 0.58272932]] [2]
<class 'numpy.ndarray'>
[[0.71985795 0.28014205]] [0]
[[0.18343196 0.06423099 0.75233705]] [2]
<class 'numpy.ndarray'>
[[0.44906613 0.55093387]] [1]
[[0.18255394 0.06438484 0.75306122]] [2]
<class 'numpy.ndarray'>
[[0.47361665 0.52638335]] [1]
[[0.18354765 0.06446659 0.75198577]] [2]
<class 'numpy.ndarray'>
[[0.43238391 0.56761609]] [1]
[[0.18278616 0.06407429 0.75313955]] [2]
<class 'numpy.ndarray'>
[[0.51642737 0.48357263]] [1]
[[0.18284406 0.06389104 0.75326491]] [2]
<class 'numpy.ndarray'>
[[0.46818814 0.53181186]] [1]
[[0.18349262 0.06449254 0.75201484]] [2]
<class 'numpy.ndarray'>
[[0.44592486 0.55407514]] [1]
[[0.15984645 0.09038873 0.74976483]] [2]
<class 'numpy.ndarray'>
[[0.64684942 0.35315058]] [0]
[[0.18350866 0.06459345 0.75189788]] [2]
<class 'numpy.ndarray'>
[[0.41624907 0.58375093]] [1]
[[0.18361052 0.06447806 0.75191142]] [2]
<class 'numpy.ndarray'>
[[0.44093784 0.55906216]] [1]
[[0.18475878 0.06525881 0.74998241]] [2]
<class 'numpy.ndarray'>
[[0.56403999 0.43596001]] [0]
[[0.18415828 0.06445222 0.75138951]] [2]
<class 'numpy.ndarray'>
[[0.4343625 0.5656375]] [1]
[[0.78868414 0.13292739 0.07838846]] [0]
<class 'numpy.ndarray'>
[[0.66018907 0.33981093]] [0]
[[0.18187227 0.06257885 0.75554888]] [2]
<class 'numpy.ndarray'>
[[0.53958152 0.46041848]] [0]
[[0.18349438 0.06419326 0.75231236]] [2]
<class 'numpy.ndarray'>
[[0.4538385 0.5461615]] [1]
[[0.18322276 0.06455394 0.7522233 ]] [2]
<class 'numpy.ndarray'>
[[0.45696387 0.54303613]] [1]
[[0.32681816 0.47554733 0.19763451]] [1]
<class 'numpy.ndarray'>
[[0.64685413 0.35314587]] [0]
[[0.18484563 0.06318095 0.75197342]] [2]
<class 'numpy.ndarray'>
[[0.59361143 0.40638857]] [0]
[[0.20664754 0.06476723 0.72858523]] [2]
<class 'numpy.ndarray'>
[[0.55989164 0.44010836]] [0]
[[0.1837544  0.06409369 0.75215191]] [2]
<class 'numpy.ndarray'>
[[0.5743455 0.4256545]] [0]
[[0.18761875 0.0652498  0.74713145]] [2]
<class 'numpy.ndarray'>
[[0.59122152 0.40877848]] [0]
[[0.18367579 0.06457496 0.75174926]] [2]
<class 'numpy.ndarray'>
[[0.43176823 0.56823177]] [1]
[[0.18355538 0.06463853 0.75180609]] [2]
<class 'numpy.ndarray'>
[[0.43370901 0.56629099]] [1]
[[0.19309595 0.05785946 0.74904458]] [2]
<class 'numpy.ndarray'>
[[0.60217443 0.39782557]] [0]
[[0.19658607 0.05806905 0.74534488]] [2]
<class 'numpy.ndarray'>
[[0.63663726 0.36336274]] [0]
[[0.18344866 0.06467919 0.75187215]] [2]
<class 'numpy.ndarray'>
[[0.41297181 0.58702819]] [1]
[[0.18366461 0.06470327 0.75163212]] [2]
<class 'numpy.ndarray'>
[[0.42482726 0.57517274]] [1]
[[0.16567662 0.09329551 0.74102787]] [2]
<class 'numpy.ndarray'>
[[0.442682 0.557318]] [1]
[[0.18363254 0.06452579 0.75184167]] [2]
<class 'numpy.ndarray'>
[[0.43561216 0.56438784]] [1]
[[0.11065923 0.08265278 0.80668799]] [2]
<class 'numpy.ndarray'>
[[0.47535071 0.52464929]] [1]
[[0.1832439  0.06428611 0.75246999]] [2]
<class 'numpy.ndarray'>
[[0.45696135 0.54303865]] [1]
[[0.18352816 0.06453939 0.75193246]] [2]
<class 'numpy.ndarray'>
[[0.45567241 0.54432759]] [1]
[[0.18328832 0.06428548 0.75242619]] [2]
<class 'numpy.ndarray'>
[[0.46699471 0.53300529]] [1]
[[0.37644468 0.06090402 0.5626513 ]] [2]
<class 'numpy.ndarray'>
[[0.68107293 0.31892707]] [0]
[[0.18330492 0.06447359 0.7522215 ]] [2]
<class 'numpy.ndarray'>
[[0.44528984 0.55471016]] [1]
[[0.18352533 0.06460135 0.75187332]] [2]
<class 'numpy.ndarray'>
[[0.4193297 0.5806703]] [1]
[[0.18357422 0.06442927 0.75199651]] [2]
<class 'numpy.ndarray'>
[[0.43197738 0.56802262]] [1]
[[0.18361226 0.06442236 0.75196538]] [2]
<class 'numpy.ndarray'>
[[0.43720532 0.56279468]] [1]
[[0.18367739 0.06455689 0.75176572]] [2]
<class 'numpy.ndarray'>
[[0.44302836 0.55697164]] [1]
[[0.18352374 0.06458017 0.7518961 ]] [2]
<class 'numpy.ndarray'>
[[0.44686954 0.55313046]] [1]
[[0.18356849 0.06450598 0.75192553]] [2]
<class 'numpy.ndarray'>
[[0.42213767 0.57786233]] [1]
[[0.1836535  0.06446125 0.75188525]] [2]
<class 'numpy.ndarray'>
[[0.42956914 0.57043086]] [1]
[[0.21393102 0.05451935 0.73154963]] [2]
<class 'numpy.ndarray'>
[[0.60904717 0.39095283]] [0]
[[0.18346778 0.06445489 0.75207733]] [2]
<class 'numpy.ndarray'>
[[0.43983307 0.56016693]] [1]
[[0.18310097 0.06403078 0.75286825]] [2]
<class 'numpy.ndarray'>
[[0.47092001 0.52907999]] [1]
[[0.18381007 0.06462672 0.75156321]] [2]
<class 'numpy.ndarray'>
[[0.44437149 0.55562851]] [1]
[[0.18359271 0.06460657 0.75180072]] [2]
<class 'numpy.ndarray'>
[[0.42133703 0.57866297]] [1]
[[0.18346454 0.06433212 0.75220335]] [2]
<class 'numpy.ndarray'>
[[0.44510542 0.55489458]] [1]
[[0.18323029 0.06407627 0.75269344]] [2]
<class 'numpy.ndarray'>
[[0.47578299 0.52421701]] [1]
[[0.18266691 0.06320444 0.75412864]] [2]
<class 'numpy.ndarray'>
[[0.52028536 0.47971464]] [1]
[[0.18295725 0.06405133 0.75299142]] [2]
<class 'numpy.ndarray'>
[[0.47829479 0.52170521]] [1]
[[0.18333351 0.06413593 0.75253056]] [2]
<class 'numpy.ndarray'>
[[0.46182262 0.53817738]] [1]
[[0.18035201 0.06359862 0.75604937]] [2]
<class 'numpy.ndarray'>
[[0.48709146 0.51290854]] [1]
[[0.18431772 0.06223109 0.75345119]] [2]
<class 'numpy.ndarray'>
[[0.60327634 0.39672366]] [0]
[[0.18637516 0.06208998 0.75153487]] [2]
<class 'numpy.ndarray'>
[[0.48562659 0.51437341]] [1]
[[0.18558946 0.54581792 0.26859263]] [1]
<class 'numpy.ndarray'>
[[0.64683466 0.35316534]] [0]
[[0.18317433 0.06393989 0.75288578]] [2]
<class 'numpy.ndarray'>
[[0.47595013 0.52404987]] [1]
[[0.23928997 0.06568746 0.69502257]] [2]
<class 'numpy.ndarray'>
[[0.64685977 0.35314023]] [0]
[[0.09549164 0.25802272 0.64648564]] [2]
<class 'numpy.ndarray'>
[[0.59378085 0.40621915]] [0]
[[0.18069193 0.06382623 0.75548184]] [2]
<class 'numpy.ndarray'>
[[0.49350118 0.50649882]] [1]
[[0.18356293 0.06449825 0.75193882]] [2]
<class 'numpy.ndarray'>
[[0.43183557 0.56816443]] [1]
[[0.18327095 0.06448474 0.75224431]] [2]
<class 'numpy.ndarray'>
[[0.43667965 0.56332035]] [1]
[[0.18330917 0.06434535 0.75234549]] [2]
<class 'numpy.ndarray'>
[[0.48341391 0.51658609]] [1]
[[0.18333954 0.06421022 0.75245025]] [2]
<class 'numpy.ndarray'>
[[0.47394498 0.52605502]] [1]
[[0.18413253 0.06328392 0.75258355]] [2]
<class 'numpy.ndarray'>
[[0.57800092 0.42199908]] [0]
[[0.18354217 0.06453353 0.7519243 ]] [2]
<class 'numpy.ndarray'>
[[0.42706819 0.57293181]] [1]
[[0.22547999 0.06418468 0.71033533]] [2]
<class 'numpy.ndarray'>
[[0.65763332 0.34236668]] [0]
[[0.18353804 0.06449008 0.75197188]] [2]
<class 'numpy.ndarray'>
[[0.42911934 0.57088066]] [1]
[[0.18345085 0.06426606 0.75228309]] [2]
<class 'numpy.ndarray'>
[[0.44337169 0.55662831]] [1]
[[0.18533066 0.06412959 0.75053976]] [2]
<class 'numpy.ndarray'>
[[0.61934124 0.38065876]] [0]
[[0.18305656 0.06387097 0.75307248]] [2]
<class 'numpy.ndarray'>
[[0.47505705 0.52494295]] [1]
[[0.18345266 0.0645216  0.75202574]] [2]
<class 'numpy.ndarray'>
[[0.43600834 0.56399166]] [1]
[[0.18197508 0.06447894 0.75354598]] [2]
<class 'numpy.ndarray'>
[[0.51907773 0.48092227]] [1]
[[0.1830021 0.0639591 0.7530388]] [2]
<class 'numpy.ndarray'>
[[0.4834664 0.5165336]] [1]
[[0.18385002 0.06448714 0.75166284]] [2]
<class 'numpy.ndarray'>
[[0.42807947 0.57192053]] [1]
[[0.20322527 0.06019526 0.73657947]] [2]
<class 'numpy.ndarray'>
[[0.56940774 0.43059226]] [0]
[[0.18326988 0.06388814 0.75284198]] [2]
<class 'numpy.ndarray'>
[[0.48019329 0.51980671]] [1]
[[0.18353891 0.06452942 0.75193167]] [2]
<class 'numpy.ndarray'>
[[0.41980521 0.58019479]] [1]
[[0.16119616 0.08385597 0.75494787]] [2]
<class 'numpy.ndarray'>
[[0.49404108 0.50595892]] [1]
[[0.18365564 0.06442577 0.75191859]] [2]
<class 'numpy.ndarray'>
[[0.44164814 0.55835186]] [1]
[[0.18352673 0.06470462 0.75176865]] [2]
<class 'numpy.ndarray'>
[[0.43384846 0.56615154]] [1]
[[0.1834468  0.06453064 0.75202256]] [2]
<class 'numpy.ndarray'>
[[0.44148769 0.55851231]] [1]
[[0.18379003 0.0638107  0.75239927]] [2]
<class 'numpy.ndarray'>
[[0.47217871 0.52782129]] [1]
[[0.14026693 0.09765087 0.76208221]] [2]
<class 'numpy.ndarray'>
[[0.63886691 0.36113309]] [0]
[[0.18319031 0.06410705 0.75270264]] [2]
<class 'numpy.ndarray'>
[[0.45112708 0.54887292]] [1]
[[0.25526333 0.45773408 0.28700259]] [1]
<class 'numpy.ndarray'>
[[0.64684781 0.35315219]] [0]
[[0.18345747 0.06439392 0.75214861]] [2]
<class 'numpy.ndarray'>
[[0.44186607 0.55813393]] [1]
[[0.18345263 0.06426572 0.75228166]] [2]
<class 'numpy.ndarray'>
[[0.45271858 0.54728142]] [1]
[[0.16382582 0.08778373 0.74839045]] [2]
<class 'numpy.ndarray'>
[[0.6468555 0.3531445]] [0]
[[0.17980299 0.06576114 0.75443587]] [2]
<class 'numpy.ndarray'>
[[0.55052326 0.44947674]] [0]
[[0.18342082 0.06422287 0.75235631]] [2]
<class 'numpy.ndarray'>
[[0.44517563 0.55482437]] [1]
[[0.17683484 0.07309436 0.7500708 ]] [2]
<class 'numpy.ndarray'>
[[0.53831147 0.46168853]] [0]
[[0.18293249 0.06434991 0.75271761]] [2]
<class 'numpy.ndarray'>
[[0.43867599 0.56132401]] [1]
[[0.1835264  0.06453087 0.75194273]] [2]
<class 'numpy.ndarray'>
[[0.42426769 0.57573231]] [1]
[[0.18146307 0.06375538 0.75478156]] [2]
<class 'numpy.ndarray'>
[[0.53477023 0.46522977]] [1]
[[0.22886575 0.42654983 0.34458442]] [1]
<class 'numpy.ndarray'>
[[0.65707614 0.34292386]] [0]
[[0.18343972 0.06435046 0.75220982]] [2]
<class 'numpy.ndarray'>
[[0.44487518 0.55512482]] [1]
[[0.18354109 0.0643758  0.75208311]] [2]
<class 'numpy.ndarray'>
[[0.44031439 0.55968561]] [1]
[[0.19027621 0.06241073 0.74731306]] [2]
<class 'numpy.ndarray'>
[[0.59618744 0.40381256]] [0]
[[0.18402272 0.06378934 0.75218794]] [2]
<class 'numpy.ndarray'>
[[0.54516535 0.45483465]] [0]
[[0.18354998 0.0644622  0.75198782]] [2]
<class 'numpy.ndarray'>
[[0.43363446 0.56636554]] [1]
[[0.18367432 0.06453909 0.75178659]] [2]
<class 'numpy.ndarray'>
[[0.43436237 0.56563763]] [1]
[[0.18346321 0.06370854 0.75282825]] [2]
<class 'numpy.ndarray'>
[[0.51055466 0.48944534]] [1]
[[0.18338628 0.06431325 0.75230047]] [2]
<class 'numpy.ndarray'>
[[0.45330223 0.54669777]] [1]
[[0.18343866 0.06435733 0.75220402]] [2]
<class 'numpy.ndarray'>
[[0.44319112 0.55680888]] [1]
[[0.78519245 0.12342066 0.09138689]] [0]
<class 'numpy.ndarray'>
[[0.65419509 0.34580491]] [0]
[[0.18298206 0.06416483 0.75285311]] [2]
<class 'numpy.ndarray'>
[[0.47007707 0.52992293]] [1]
[[0.18350425 0.06437394 0.75212181]] [2]
<class 'numpy.ndarray'>
[[0.44849922 0.55150078]] [1]
[[0.18359628 0.06460403 0.75179969]] [2]
<class 'numpy.ndarray'>
[[0.42365818 0.57634182]] [1]
[[0.18305624 0.06391127 0.75303248]] [2]
<class 'numpy.ndarray'>
[[0.5 0.5]] [1]
[[0.17371582 0.05560411 0.77068006]] [2]
<class 'numpy.ndarray'>
[[0.55650995 0.44349005]] [0]
[[0.18342665 0.06438852 0.75218483]] [2]
<class 'numpy.ndarray'>
[[0.45897728 0.54102272]] [1]
[[0.1878211  0.06400605 0.74817285]] [2]
<class 'numpy.ndarray'>
[[0.52745279 0.47254721]] [1]
[[0.18328304 0.06396518 0.75275179]] [2]
<class 'numpy.ndarray'>
[[0.46634731 0.53365269]] [1]
[[0.18357382 0.06466997 0.75175621]] [2]
<class 'numpy.ndarray'>
[[0.41939608 0.58060392]] [1]
[[0.18332953 0.06420811 0.75246236]] [2]
<class 'numpy.ndarray'>
[[0.44734977 0.55265023]] [1]
[[0.18346703 0.06432996 0.75220301]] [2]
<class 'numpy.ndarray'>
[[0.43459106 0.56540894]] [1]
[[0.18350682 0.06446614 0.75202704]] [2]
<class 'numpy.ndarray'>
[[0.43172415 0.56827585]] [1]
[[0.18944671 0.06487285 0.74568044]] [2]
<class 'numpy.ndarray'>
[[0.61551278 0.38448722]] [0]
[[0.26646972 0.07450546 0.65902482]] [2]
<class 'numpy.ndarray'>
[[0.64160221 0.35839779]] [0]
[[0.19073695 0.52784572 0.28141733]] [1]
<class 'numpy.ndarray'>
[[0.64684781 0.35315219]] [0]
[[0.18351091 0.06444184 0.75204725]] [2]
<class 'numpy.ndarray'>
[[0.47727071 0.52272929]] [1]
[[0.18315785 0.06385632 0.75298584]] [2]
<class 'numpy.ndarray'>
[[0.48048952 0.51951048]] [1]
[[0.16673577 0.07942753 0.7538367 ]] [2]
<class 'numpy.ndarray'>
[[0.62212861 0.37787139]] [0]
[[0.1835467  0.06463106 0.75182224]] [2]
<class 'numpy.ndarray'>
[[0.44333053 0.55666947]] [1]
[[0.18328022 0.06442251 0.75229728]] [2]
<class 'numpy.ndarray'>
[[0.46163344 0.53836656]] [1]
[[0.1835041  0.06446533 0.75203057]] [2]
<class 'numpy.ndarray'>
[[0.43800633 0.56199367]] [1]
[[0.1835605  0.06465545 0.75178405]] [2]
<class 'numpy.ndarray'>
[[0.41651863 0.58348137]] [1]
[[0.18354934 0.06456123 0.75188943]] [2]
<class 'numpy.ndarray'>
[[0.42347259 0.57652741]] [1]
[[0.26245292 0.07057178 0.6669753 ]] [2]
<class 'numpy.ndarray'>
[[0.6535445 0.3464555]] [0]
[[0.18282494 0.06527823 0.75189683]] [2]
<class 'numpy.ndarray'>
[[0.53439673 0.46560327]] [1]
[[0.18694893 0.06375956 0.74929151]] [2]
<class 'numpy.ndarray'>
[[0.53491364 0.46508636]] [1]
[[0.18412718 0.06386319 0.75200963]] [2]
<class 'numpy.ndarray'>
[[0.47467812 0.52532188]] [1]
[[0.18357342 0.06464431 0.75178228]] [2]
<class 'numpy.ndarray'>
[[0.41720116 0.58279884]] [1]
[[0.18306565 0.06388813 0.75304622]] [2]
<class 'numpy.ndarray'>
[[0.47308377 0.52691623]] [1]
[[0.18351989 0.06433863 0.75214149]] [2]
<class 'numpy.ndarray'>
[[0.54734793 0.45265207]] [0]
[[0.1836111  0.06454885 0.75184004]] [2]
<class 'numpy.ndarray'>
[[0.44645352 0.55354648]] [1]
[[0.17465241 0.06401367 0.76133392]] [2]
<class 'numpy.ndarray'>
[[0.58054966 0.41945034]] [0]
[[0.18779419 0.06339012 0.74881569]] [2]
<class 'numpy.ndarray'>
[[0.55978964 0.44021036]] [0]
[[0.18348162 0.06459926 0.75191912]] [2]
<class 'numpy.ndarray'>
[[0.4677936 0.5322064]] [1]
[[0.18355293 0.06466252 0.75178456]] [2]
<class 'numpy.ndarray'>
[[0.4161195 0.5838805]] [1]
[[0.18353184 0.06439314 0.75207502]] [2]
<class 'numpy.ndarray'>
[[0.4333044 0.5666956]] [1]
[[0.64107684 0.11773705 0.24118611]] [0]
<class 'numpy.ndarray'>
[[0.64680359 0.35319641]] [0]
[[0.18225404 0.06377851 0.75396745]] [2]
<class 'numpy.ndarray'>
[[0.52189379 0.47810621]] [1]
[[0.72309148 0.14157642 0.1353321 ]] [0]
<class 'numpy.ndarray'>
[[0.64685751 0.35314249]] [0]
[[0.18481621 0.065394   0.74978979]] [2]
<class 'numpy.ndarray'>
[[0.45445524 0.54554476]] [1]
[[0.18348068 0.06456393 0.75195539]] [2]
<class 'numpy.ndarray'>
[[0.43299486 0.56700514]] [1]
[[0.18332676 0.06422239 0.75245085]] [2]
<class 'numpy.ndarray'>
[[0.44603498 0.55396502]] [1]
[[0.18962192 0.06410301 0.74627507]] [2]
<class 'numpy.ndarray'>
[[0.54407361 0.45592639]] [0]
[[0.18344976 0.06448898 0.75206126]] [2]
<class 'numpy.ndarray'>
[[0.42454318 0.57545682]] [1]
[[0.18342878 0.06467991 0.75189131]] [2]
<class 'numpy.ndarray'>
[[0.41142214 0.58857786]] [1]
[[0.18344276 0.06437401 0.75218323]] [2]
<class 'numpy.ndarray'>
[[0.43615032 0.56384968]] [1]
[[0.18204959 0.06459972 0.75335069]] [2]
<class 'numpy.ndarray'>
[[0.5 0.5]] [1]
[[0.18356033 0.06450224 0.75193742]] [2]
<class 'numpy.ndarray'>
[[0.42451551 0.57548449]] [1]
[[0.18354383 0.06457783 0.75187834]] [2]
<class 'numpy.ndarray'>
[[0.42225076 0.57774924]] [1]
[[0.1834259  0.06456231 0.75201179]] [2]
<class 'numpy.ndarray'>
[[0.44483929 0.55516071]] [1]
[[0.18349806 0.06451419 0.75198775]] [2]
<class 'numpy.ndarray'>
[[0.43238438 0.56761562]] [1]
[[0.18531725 0.0642774  0.75040535]] [2]
<class 'numpy.ndarray'>
[[0.54281903 0.45718097]] [0]
[[0.18352302 0.06431076 0.75216621]] [2]
<class 'numpy.ndarray'>
[[0.54642791 0.45357209]] [0]
[[0.18350633 0.06456604 0.75192762]] [2]
<class 'numpy.ndarray'>
[[0.42199017 0.57800983]] [1]
[[0.10721209 0.18355325 0.70923465]] [2]
<class 'numpy.ndarray'>
[[0.5155631 0.4844369]] [1]
[[0.1835585  0.06451768 0.75192382]] [2]
<class 'numpy.ndarray'>
[[0.42943473 0.57056527]] [1]
[[0.18359533 0.0646094  0.75179526]] [2]
<class 'numpy.ndarray'>
[[0.42309753 0.57690247]] [1]
[[0.18351962 0.06453944 0.75194094]] [2]
<class 'numpy.ndarray'>
[[0.41859543 0.58140457]] [1]
[[0.18347841 0.06442487 0.75209672]] [2]
<class 'numpy.ndarray'>
[[0.43689458 0.56310542]] [1]
[[0.18350392 0.06441421 0.75208186]] [2]
<class 'numpy.ndarray'>
[[0.42973417 0.57026583]] [1]
[[0.18375969 0.06458218 0.75165812]] [2]
<class 'numpy.ndarray'>
[[0.42829495 0.57170505]] [1]
[[0.17876311 0.06393708 0.75729981]] [2]
<class 'numpy.ndarray'>
[[0.56535433 0.43464567]] [0]
[[0.18364432 0.06469505 0.75166062]] [2]
<class 'numpy.ndarray'>
[[0.44546808 0.55453192]] [1]
[[0.18355289 0.06450217 0.75194494]] [2]
<class 'numpy.ndarray'>
[[0.43238801 0.56761199]] [1]
[[0.18359983 0.06448449 0.75191568]] [2]
<class 'numpy.ndarray'>
[[0.4389125 0.5610875]] [1]
[[0.17260502 0.64152394 0.18587105]] [1]
<class 'numpy.ndarray'>
[[0.646852 0.353148]] [0]
[[0.18085114 0.06922263 0.74992623]] [2]
<class 'numpy.ndarray'>
[[0.41080576 0.58919424]] [1]
[[0.18314226 0.0640267  0.75283104]] [2]
<class 'numpy.ndarray'>
[[0.48059462 0.51940538]] [1]
[[0.18331365 0.06432081 0.75236553]] [2]
<class 'numpy.ndarray'>
[[0.45816752 0.54183248]] [1]
[[0.18431436 0.06299404 0.7526916 ]] [2]
<class 'numpy.ndarray'>
[[0.56028995 0.43971005]] [0]
[[0.18345211 0.06474719 0.7518007 ]] [2]
<class 'numpy.ndarray'>
[[0.4117516 0.5882484]] [1]
[[0.18202763 0.06617341 0.75179895]] [2]
<class 'numpy.ndarray'>
[[0.47109686 0.52890314]] [1]
[[0.18355799 0.06452916 0.75191285]] [2]
<class 'numpy.ndarray'>
[[0.42769914 0.57230086]] [1]
[[0.18959588 0.05355939 0.75684473]] [2]
<class 'numpy.ndarray'>
[[0.59300432 0.40699568]] [0]
[[0.20045215 0.06140921 0.73813864]] [2]
<class 'numpy.ndarray'>
[[0.65292441 0.34707559]] [0]
[[0.18290264 0.06393395 0.75316341]] [2]
<class 'numpy.ndarray'>
[[0.46868366 0.53131634]] [1]
[[0.18364435 0.06461704 0.75173861]] [2]
<class 'numpy.ndarray'>
[[0.42775727 0.57224273]] [1]
[[0.18373289 0.06458078 0.75168633]] [2]
<class 'numpy.ndarray'>
[[0.42642793 0.57357207]] [1]
[[0.18343584 0.06428566 0.7522785 ]] [2]
<class 'numpy.ndarray'>
[[0.45541916 0.54458084]] [1]
[[0.18400953 0.06469427 0.7512962 ]] [2]
<class 'numpy.ndarray'>
[[0.43281629 0.56718371]] [1]
[[0.18362073 0.06460769 0.75177158]] [2]
<class 'numpy.ndarray'>
[[0.42925554 0.57074446]] [1]
[[0.18344749 0.06431905 0.75223345]] [2]
<class 'numpy.ndarray'>
[[0.44596821 0.55403179]] [1]
[[0.183339   0.06414627 0.75251473]] [2]
<class 'numpy.ndarray'>
[[0.45833986 0.54166014]] [1]
[[0.18638866 0.06215034 0.75146101]] [2]
<class 'numpy.ndarray'>
[[0.61953878 0.38046122]] [0]
[[0.18360157 0.06461431 0.75178412]] [2]
<class 'numpy.ndarray'>
[[0.41509248 0.58490752]] [1]
[[0.1834622  0.06463582 0.75190198]] [2]
<class 'numpy.ndarray'>
[[0.41431814 0.58568186]] [1]
[[0.18357733 0.06448917 0.7519335 ]] [2]
<class 'numpy.ndarray'>
[[0.42881233 0.57118767]] [1]
[[0.18355431 0.06454336 0.75190234]] [2]
<class 'numpy.ndarray'>
[[0.42398852 0.57601148]] [1]
[[0.18674284 0.063054   0.75020316]] [2]
<class 'numpy.ndarray'>
[[0.62131414 0.37868586]] [0]
[[0.18352159 0.0645406  0.7519378 ]] [2]
<class 'numpy.ndarray'>
[[0.42037079 0.57962921]] [1]
[[0.18619717 0.06264899 0.75115384]] [2]
<class 'numpy.ndarray'>
[[0.57165477 0.42834523]] [0]
[[0.1835686  0.06463311 0.75179829]] [2]
<class 'numpy.ndarray'>
[[0.42283004 0.57716996]] [1]
[[0.18332153 0.06443534 0.75224313]] [2]
<class 'numpy.ndarray'>
[[0.46661348 0.53338652]] [1]
[[0.1868748  0.06296962 0.75015558]] [2]
<class 'numpy.ndarray'>
[[0.50502039 0.49497961]] [1]
[[0.1680705  0.07256365 0.75936585]] [2]
<class 'numpy.ndarray'>
[[0.54067272 0.45932728]] [0]
[[0.18334688 0.06405705 0.75259607]] [2]
<class 'numpy.ndarray'>
[[0.47032415 0.52967585]] [1]
[[0.1905356  0.06749024 0.74197416]] [2]
<class 'numpy.ndarray'>
[[0.58537292 0.41462708]] [0]
[[0.17340235 0.06799869 0.75859896]] [2]
<class 'numpy.ndarray'>
[[0.52465993 0.47534007]] [1]
[[0.18302627 0.06436808 0.75260565]] [2]
<class 'numpy.ndarray'>
[[0.47851128 0.52148872]] [1]
[[0.18349775 0.06454385 0.75195841]] [2]
<class 'numpy.ndarray'>
[[0.42531037 0.57468963]] [1]
[[0.18349037 0.06458925 0.75192038]] [2]
<class 'numpy.ndarray'>
[[0.42067782 0.57932218]] [1]
[[0.18368199 0.06458768 0.75173033]] [2]
<class 'numpy.ndarray'>
[[0.42322471 0.57677529]] [1]
[[0.18360556 0.06453082 0.75186362]] [2]
<class 'numpy.ndarray'>
[[0.43625289 0.56374711]] [1]
[[0.1834979  0.06460745 0.75189465]] [2]
<class 'numpy.ndarray'>
[[0.46673814 0.53326186]] [1]
[[0.18522859 0.06368478 0.75108663]] [2]
<class 'numpy.ndarray'>
[[0.57694444 0.42305556]] [0]
[[0.18375553 0.06480454 0.75143993]] [2]
<class 'numpy.ndarray'>
[[0.44119546 0.55880454]] [1]
[[0.18325668 0.06438996 0.75235335]] [2]
<class 'numpy.ndarray'>
[[0.47053952 0.52946048]] [1]
[[0.18344363 0.06469608 0.75186029]] [2]
<class 'numpy.ndarray'>
[[0.41539144 0.58460856]] [1]
[[0.18862412 0.0634868  0.74788908]] [2]
<class 'numpy.ndarray'>
[[0.60350533 0.39649467]] [0]
[[0.18451646 0.06410561 0.75137793]] [2]
<class 'numpy.ndarray'>
[[0.5 0.5]] [1]
[[0.18351877 0.06439409 0.75208714]] [2]
<class 'numpy.ndarray'>
[[0.45037854 0.54962146]] [1]
[[0.24250255 0.06909934 0.68839811]] [2]
<class 'numpy.ndarray'>
[[0.6392824 0.3607176]] [0]
[[0.1835083  0.06441728 0.75207442]] [2]
<class 'numpy.ndarray'>
[[0.43286317 0.56713683]] [1]
[[0.18333653 0.06406218 0.75260129]] [2]
<class 'numpy.ndarray'>
[[0.48494513 0.51505487]] [1]
[[0.18330808 0.06460154 0.75209039]] [2]
<class 'numpy.ndarray'>
[[0.45736211 0.54263789]] [1]
[[0.1864688  0.06139179 0.75213941]] [2]
<class 'numpy.ndarray'>
[[0.56961374 0.43038626]] [0]
[[0.18360334 0.06457595 0.75182071]] [2]
<class 'numpy.ndarray'>
[[0.43325081 0.56674919]] [1]
[[0.18354658 0.06461819 0.75183523]] [2]
<class 'numpy.ndarray'>
[[0.41705477 0.58294523]] [1]
[[0.18306049 0.06409211 0.7528474 ]] [2]
<class 'numpy.ndarray'>
[[0.45194394 0.54805606]] [1]
[[0.18319205 0.06431083 0.75249712]] [2]
<class 'numpy.ndarray'>
[[0.44389309 0.55610691]] [1]
[[0.18385755 0.06451422 0.75162823]] [2]
<class 'numpy.ndarray'>
[[0.45425105 0.54574895]] [1]
[[0.18325364 0.06410955 0.75263681]] [2]
<class 'numpy.ndarray'>
[[0.48013531 0.51986469]] [1]
[[0.18358072 0.0645122  0.75190708]] [2]
<class 'numpy.ndarray'>
[[0.42360769 0.57639231]] [1]
[[0.18333649 0.06427807 0.75238543]] [2]
<class 'numpy.ndarray'>
[[0.45428471 0.54571529]] [1]
[[0.18252022 0.06307944 0.75440034]] [2]
<class 'numpy.ndarray'>
[[0.55498892 0.44501108]] [0]
[[0.18233115 0.06415452 0.75351433]] [2]
<class 'numpy.ndarray'>
[[0.45686374 0.54313626]] [1]
[[0.1832681  0.06453212 0.75219978]] [2]
<class 'numpy.ndarray'>
[[0.5 0.5]] [1]
[[0.18515547 0.06530201 0.74954252]] [2]
<class 'numpy.ndarray'>
[[0.57953846 0.42046154]] [0]
[[0.18367897 0.06460214 0.75171889]] [2]
<class 'numpy.ndarray'>
[[0.42939884 0.57060116]] [1]
[[0.1836435  0.06345992 0.75289657]] [2]
<class 'numpy.ndarray'>
[[0.48023504 0.51976496]] [1]
[[0.18353557 0.06450878 0.75195565]] [2]
<class 'numpy.ndarray'>
[[0.44341446 0.55658554]] [1]
[[0.1830007  0.06328231 0.75371699]] [2]
<class 'numpy.ndarray'>
[[0.49230451 0.50769549]] [1]
[[0.18266414 0.06392685 0.75340901]] [2]
<class 'numpy.ndarray'>
[[0.51867492 0.48132508]] [1]
[[0.18339297 0.06428437 0.75232266]] [2]
<class 'numpy.ndarray'>
[[0.45772466 0.54227534]] [1]
[[0.18299337 0.06353487 0.75347175]] [2]
<class 'numpy.ndarray'>
[[0.49152423 0.50847577]] [1]
[[0.18352519 0.06452779 0.75194702]] [2]
<class 'numpy.ndarray'>
[[0.42275301 0.57724699]] [1]
[[0.18351278 0.06440148 0.75208574]] [2]
<class 'numpy.ndarray'>
[[0.45177559 0.54822441]] [1]
[[0.18368737 0.06472954 0.75158309]] [2]
<class 'numpy.ndarray'>
[[0.42589358 0.57410642]] [1]
[[0.18066579 0.06550703 0.75382718]] [2]
<class 'numpy.ndarray'>
[[0.54665791 0.45334209]] [0]
[[0.18224244 0.06397528 0.75378229]] [2]
<class 'numpy.ndarray'>
[[0.53671353 0.46328647]] [1]
[[0.18337796 0.06418807 0.75243397]] [2]
<class 'numpy.ndarray'>
[[0.44823584 0.55176416]] [1]
[[0.18353633 0.06466646 0.7517972 ]] [2]
<class 'numpy.ndarray'>
[[0.42014967 0.57985033]] [1]
[[0.18303498 0.06411668 0.75284834]] [2]
<class 'numpy.ndarray'>
[[0.46515636 0.53484364]] [1]
[[0.18352151 0.06467626 0.75180223]] [2]
<class 'numpy.ndarray'>
[[0.41660369 0.58339631]] [1]
[[0.18374071 0.06460186 0.75165743]] [2]
<class 'numpy.ndarray'>
[[0.43477297 0.56522703]] [1]
[[0.18748804 0.06616517 0.74634679]] [2]
<class 'numpy.ndarray'>
[[0.42471675 0.57528325]] [1]
[[0.3370593  0.09492096 0.56801974]] [2]
<class 'numpy.ndarray'>
[[0.65353482 0.34646518]] [0]
[[0.18344812 0.06467219 0.75187969]] [2]
<class 'numpy.ndarray'>
[[0.41134711 0.58865289]] [1]
[[0.18390655 0.06428496 0.75180849]] [2]
<class 'numpy.ndarray'>
[[0.46317251 0.53682749]] [1]
[[0.18348638 0.06441326 0.75210035]] [2]
<class 'numpy.ndarray'>
[[0.43419365 0.56580635]] [1]
[[0.18422911 0.06440548 0.75136541]] [2]
<class 'numpy.ndarray'>
[[0.44501857 0.55498143]] [1]
[[0.18429223 0.06410027 0.7516075 ]] [2]
<class 'numpy.ndarray'>
[[0.46648833 0.53351167]] [1]
[[0.1836159  0.06439714 0.75198696]] [2]
<class 'numpy.ndarray'>
[[0.43738684 0.56261316]] [1]
[[0.1833797  0.06431356 0.75230674]] [2]
<class 'numpy.ndarray'>
[[0.43624775 0.56375225]] [1]
[[0.18342702 0.06470446 0.75186852]] [2]
<class 'numpy.ndarray'>
[[0.48523454 0.51476546]] [1]
[[0.18347949 0.06432455 0.75219595]] [2]
<class 'numpy.ndarray'>
[[0.45038047 0.54961953]] [1]
[[0.18349029 0.06430793 0.75220178]] [2]
<class 'numpy.ndarray'>
[[0.44608133 0.55391867]] [1]
[[0.18342155 0.06469333 0.75188512]] [2]
<class 'numpy.ndarray'>
[[0.41150745 0.58849255]] [1]
[[0.18350829 0.06470487 0.75178684]] [2]
<class 'numpy.ndarray'>
[[0.41326822 0.58673178]] [1]
[[0.18254931 0.06390315 0.75354754]] [2]
<class 'numpy.ndarray'>
[[0.47827794 0.52172206]] [1]
[[0.18939036 0.06284846 0.74776117]] [2]
<class 'numpy.ndarray'>
[[0.61144072 0.38855928]] [0]
[[0.18355619 0.06463182 0.75181199]] [2]
<class 'numpy.ndarray'>
[[0.43662277 0.56337723]] [1]
[[0.18238309 0.06410534 0.75351158]] [2]
<class 'numpy.ndarray'>
[[0.46466943 0.53533057]] [1]
[[0.18300481 0.06416772 0.75282746]] [2]
<class 'numpy.ndarray'>
[[0.46128972 0.53871028]] [1]
[[0.18358588 0.06464469 0.75176944]] [2]
<class 'numpy.ndarray'>
[[0.41954407 0.58045593]] [1]
[[0.18363236 0.0645095  0.75185814]] [2]
<class 'numpy.ndarray'>
[[0.43134318 0.56865682]] [1]
[[0.18469629 0.06435823 0.75094548]] [2]
<class 'numpy.ndarray'>
[[0.45929555 0.54070445]] [1]
[[0.29051427 0.46732186 0.24216387]] [1]
<class 'numpy.ndarray'>
[[0.64681024 0.35318976]] [0]
[[0.18366795 0.06456967 0.75176238]] [2]
<class 'numpy.ndarray'>
[[0.43107732 0.56892268]] [1]
[[0.18356627 0.064492   0.75194173]] [2]
<class 'numpy.ndarray'>
[[0.43462423 0.56537577]] [1]
[[0.18348492 0.06448697 0.75202811]] [2]
<class 'numpy.ndarray'>
[[0.44566163 0.55433837]] [1]
[[0.1835561 0.0644133 0.7520306]] [2]
<class 'numpy.ndarray'>
[[0.42832355 0.57167645]] [1]
[[0.1835364  0.06460097 0.75186263]] [2]
<class 'numpy.ndarray'>
[[0.42454738 0.57545262]] [1]
[[0.19455187 0.06302121 0.74242692]] [2]
<class 'numpy.ndarray'>
[[0.62426701 0.37573299]] [0]
[[0.18347764 0.06419363 0.75232874]] [2]
<class 'numpy.ndarray'>
[[0.47013436 0.52986564]] [1]
[[0.18345848 0.0643429  0.75219863]] [2]
<class 'numpy.ndarray'>
[[0.436316 0.563684]] [1]
[[0.18308052 0.06431553 0.75260395]] [2]
<class 'numpy.ndarray'>
[[0.46366167 0.53633833]] [1]
[[0.18352332 0.06463826 0.75183842]] [2]
<class 'numpy.ndarray'>
[[0.43227007 0.56772993]] [1]
[[0.18355225 0.06465601 0.75179174]] [2]
<class 'numpy.ndarray'>
[[0.42340301 0.57659699]] [1]
[[0.18383692 0.06284309 0.75331999]] [2]
<class 'numpy.ndarray'>
[[0.54621791 0.45378209]] [0]
[[0.18328266 0.06454126 0.75217608]] [2]
<class 'numpy.ndarray'>
[[0.47328177 0.52671823]] [1]
[[0.18358937 0.06450487 0.75190577]] [2]
<class 'numpy.ndarray'>
[[0.42972365 0.57027635]] [1]
[[0.18350306 0.06436238 0.75213456]] [2]
<class 'numpy.ndarray'>
[[0.44023852 0.55976148]] [1]
[[0.1814065  0.06359295 0.75500055]] [2]
<class 'numpy.ndarray'>
[[0.52082848 0.47917152]] [1]
[[0.1817394  0.06483955 0.75342105]] [2]
<class 'numpy.ndarray'>
[[0.50579007 0.49420993]] [1]
[[0.18016934 0.06928117 0.75054948]] [2]
<class 'numpy.ndarray'>
[[0.58916402 0.41083598]] [0]
[[0.17752289 0.06450244 0.75797467]] [2]
<class 'numpy.ndarray'>
[[0.59169341 0.40830659]] [0]
[[0.18376887 0.06410983 0.7521213 ]] [2]
<class 'numpy.ndarray'>
[[0.47746843 0.52253157]] [1]
[[0.18350763 0.06466004 0.75183233]] [2]
<class 'numpy.ndarray'>
[[0.41882386 0.58117614]] [1]
[[0.1842264  0.06407106 0.75170254]] [2]
<class 'numpy.ndarray'>
[[0.45814618 0.54185382]] [1]
[[0.1834345  0.06431372 0.75225178]] [2]
<class 'numpy.ndarray'>
[[0.44018267 0.55981733]] [1]
[[0.18371757 0.06458202 0.75170041]] [2]
<class 'numpy.ndarray'>
[[0.43570389 0.56429611]] [1]
[[0.17967265 0.06426045 0.7560669 ]] [2]
<class 'numpy.ndarray'>
[[0.52703388 0.47296612]] [1]
[[0.18353012 0.06453755 0.75193233]] [2]
<class 'numpy.ndarray'>
[[0.42304593 0.57695407]] [1]
[[0.17720629 0.06407732 0.75871639]] [2]
<class 'numpy.ndarray'>
[[0.48859156 0.51140844]] [1]
[[0.19097946 0.52937223 0.2796483 ]] [1]
<class 'numpy.ndarray'>
[[0.64687336 0.35312664]] [0]
[[0.18399643 0.0636481  0.75235546]] [2]
<class 'numpy.ndarray'>
[[0.48318724 0.51681276]] [1]
[[0.18352602 0.06442005 0.75205392]] [2]
<class 'numpy.ndarray'>
[[0.43462742 0.56537258]] [1]
[[0.1835156  0.06460355 0.75188085]] [2]
<class 'numpy.ndarray'>
[[0.42081106 0.57918894]] [1]
[[0.18348746 0.06448307 0.75202947]] [2]
<class 'numpy.ndarray'>
[[0.43243505 0.56756495]] [1]
[[0.18284169 0.06428472 0.75287359]] [2]
<class 'numpy.ndarray'>
[[0.47317204 0.52682796]] [1]
[[0.18342262 0.06418561 0.75239177]] [2]
<class 'numpy.ndarray'>
[[0.465233 0.534767]] [1]
[[0.1835266  0.06464354 0.75182986]] [2]
<class 'numpy.ndarray'>
[[0.42283486 0.57716514]] [1]
[[0.18352389 0.06440118 0.75207493]] [2]
<class 'numpy.ndarray'>
[[0.43038051 0.56961949]] [1]
[[0.18357658 0.06458697 0.75183645]] [2]
<class 'numpy.ndarray'>
[[0.42715425 0.57284575]] [1]
[[0.09548305 0.25854669 0.64597026]] [2]
<class 'numpy.ndarray'>
[[0.59824988 0.40175012]] [0]
[[0.18343745 0.06432156 0.75224099]] [2]
<class 'numpy.ndarray'>
[[0.449199 0.550801]] [1]
[[0.18103226 0.0642713  0.75469644]] [2]
<class 'numpy.ndarray'>
[[0.47318079 0.52681921]] [1]
[[0.1833843  0.06429907 0.75231663]] [2]
<class 'numpy.ndarray'>
[[0.45326017 0.54673983]] [1]
[[0.1836614  0.06485946 0.75147914]] [2]
<class 'numpy.ndarray'>
[[0.48389828 0.51610172]] [1]
[[0.18346928 0.06429052 0.7522402 ]] [2]
<class 'numpy.ndarray'>
[[0.43926187 0.56073813]] [1]
[[0.17235881 0.06155729 0.76608391]] [2]
<class 'numpy.ndarray'>
[[0.61784358 0.38215642]] [0]
[[0.18496795 0.06172919 0.75330286]] [2]
<class 'numpy.ndarray'>
[[0.59670656 0.40329344]] [0]
[[0.18362723 0.06454888 0.75182389]] [2]
<class 'numpy.ndarray'>
[[0.44695129 0.55304871]] [1]
[[0.10219237 0.22782973 0.66997791]] [2]
<class 'numpy.ndarray'>
[[0.56415631 0.43584369]] [0]
[[0.1855889  0.06374217 0.75066893]] [2]
<class 'numpy.ndarray'>
[[0.5 0.5]] [1]
[[0.1887322  0.06109549 0.75017231]] [2]
<class 'numpy.ndarray'>
[[0.61530649 0.38469351]] [0]
[[0.18357396 0.06449926 0.75192678]] [2]
<class 'numpy.ndarray'>
[[0.43009648 0.56990352]] [1]
[[0.18354477 0.064664   0.75179123]] [2]
<class 'numpy.ndarray'>
[[0.42651263 0.57348737]] [1]
[[0.18245026 0.06488176 0.75266798]] [2]
<class 'numpy.ndarray'>
[[0.47757355 0.52242645]] [1]
[[0.18350147 0.06443519 0.75206334]] [2]
<class 'numpy.ndarray'>
[[0.4296816 0.5703184]] [1]
[[0.18410822 0.06432025 0.75157154]] [2]
<class 'numpy.ndarray'>
[[0.47801268 0.52198732]] [1]
[[0.18605239 0.06299209 0.75095551]] [2]
<class 'numpy.ndarray'>
[[0.52373346 0.47626654]] [1]
[[0.1772613  0.06413773 0.75860097]] [2]
<class 'numpy.ndarray'>
[[0.53229049 0.46770951]] [1]
[[0.18362809 0.0646322  0.7517397 ]] [2]
<class 'numpy.ndarray'>
[[0.42472492 0.57527508]] [1]
[[0.20319159 0.06519354 0.73161487]] [2]
<class 'numpy.ndarray'>
[[0.64568331 0.35431669]] [0]
[[0.18349467 0.06435993 0.7521454 ]] [2]
<class 'numpy.ndarray'>
[[0.43349994 0.56650006]] [1]
[[0.18376662 0.06380963 0.75242376]] [2]
<class 'numpy.ndarray'>
[[0.5 0.5]] [1]
[[0.18355495 0.06424949 0.75219555]] [2]
<class 'numpy.ndarray'>
[[0.44725236 0.55274764]] [1]
[[0.18353024 0.06244644 0.75402331]] [2]
<class 'numpy.ndarray'>
[[0.54719903 0.45280097]] [0]
[[0.18358188 0.06453358 0.75188453]] [2]
<class 'numpy.ndarray'>
[[0.42504646 0.57495354]] [1]
[[0.18285899 0.06403901 0.753102  ]] [2]
<class 'numpy.ndarray'>
[[0.48665916 0.51334084]] [1]
[[0.18344957 0.06463441 0.75191603]] [2]
<class 'numpy.ndarray'>
[[0.41882193 0.58117807]] [1]
[[0.18393025 0.06456354 0.7515062 ]] [2]
<class 'numpy.ndarray'>
[[0.42549679 0.57450321]] [1]
[[0.18343256 0.06404963 0.75251781]] [2]
<class 'numpy.ndarray'>
[[0.46526499 0.53473501]] [1]
[[0.1829021  0.06468605 0.75241185]] [2]
<class 'numpy.ndarray'>
[[0.45281267 0.54718733]] [1]
[[0.18291938 0.06385203 0.75322859]] [2]
<class 'numpy.ndarray'>
[[0.4774453 0.5225547]] [1]
[[0.18357497 0.0646513  0.75177373]] [2]
<class 'numpy.ndarray'>
[[0.42058496 0.57941504]] [1]
[[0.18213938 0.06315423 0.75470639]] [2]
<class 'numpy.ndarray'>
[[0.56016912 0.43983088]] [0]
[[0.18258687 0.06379722 0.75361591]] [2]
<class 'numpy.ndarray'>
[[0.48538668 0.51461332]] [1]
[[0.15954778 0.09064153 0.74981069]] [2]
<class 'numpy.ndarray'>
[[0.5 0.5]] [1]
[[0.18359873 0.06444582 0.75195545]] [2]
<class 'numpy.ndarray'>
[[0.42838078 0.57161922]] [1]
[[0.18354588 0.06466946 0.75178466]] [2]
<class 'numpy.ndarray'>
[[0.41574812 0.58425188]] [1]
[[0.18951096 0.06201167 0.74847736]] [2]
<class 'numpy.ndarray'>
[[0.50891829 0.49108171]] [1]
[[0.18355442 0.06421382 0.75223175]] [2]
<class 'numpy.ndarray'>
[[0.44454236 0.55545764]] [1]
[[0.18352095 0.06461262 0.75186643]] [2]
<class 'numpy.ndarray'>
[[0.41681889 0.58318111]] [1]
[[0.18350269 0.06439645 0.75210086]] [2]
<class 'numpy.ndarray'>
[[0.43166581 0.56833419]] [1]
[[0.18360849 0.06459947 0.75179204]] [2]
<class 'numpy.ndarray'>
[[0.42416268 0.57583732]] [1]
[[0.18352482 0.06460543 0.75186974]] [2]
<class 'numpy.ndarray'>
[[0.43755327 0.56244673]] [1]
[[0.18343558 0.0646644  0.75190003]] [2]
<class 'numpy.ndarray'>
[[0.47966326 0.52033674]] [1]
[[0.18373699 0.06469863 0.75156438]] [2]
<class 'numpy.ndarray'>
[[0.42519161 0.57480839]] [1]
[[0.18345343 0.06433764 0.75220892]] [2]
<class 'numpy.ndarray'>
[[0.44101815 0.55898185]] [1]
[[0.61686748 0.24083771 0.14229481]] [0]
<class 'numpy.ndarray'>
[[0.64686964 0.35313036]] [0]
[[0.18348435 0.06467368 0.75184197]] [2]
<class 'numpy.ndarray'>
[[0.41364263 0.58635737]] [1]
[[0.18356413 0.06458696 0.75184891]] [2]
<class 'numpy.ndarray'>
[[0.45005014 0.54994986]] [1]
[[0.18357115 0.0646208  0.75180805]] [2]
<class 'numpy.ndarray'>
[[0.4219216 0.5780784]] [1]
[[0.18349431 0.06456489 0.7519408 ]] [2]
<class 'numpy.ndarray'>
[[0.45002055 0.54997945]] [1]
[[0.18343029 0.06439928 0.75217043]] [2]
<class 'numpy.ndarray'>
[[0.44508429 0.55491571]] [1]
[[0.18384387 0.06427543 0.7518807 ]] [2]
<class 'numpy.ndarray'>
[[0.44488161 0.55511839]] [1]
[[0.18346381 0.06470414 0.75183205]] [2]
<class 'numpy.ndarray'>
[[0.41844976 0.58155024]] [1]
[[0.18351806 0.06465215 0.75182979]] [2]
<class 'numpy.ndarray'>
[[0.43581609 0.56418391]] [1]
[[0.18353944 0.06470703 0.75175353]] [2]
<class 'numpy.ndarray'>
[[0.41927425 0.58072575]] [1]
[[0.18349716 0.06468793 0.75181491]] [2]
<class 'numpy.ndarray'>
[[0.41329291 0.58670709]] [1]
[[0.18246261 0.06400264 0.75353475]] [2]
<class 'numpy.ndarray'>
[[0.53488093 0.46511907]] [1]
[[0.18342538 0.0645541  0.75202052]] [2]
<class 'numpy.ndarray'>
[[0.4666658 0.5333342]] [1]
[[0.18354274 0.06450528 0.75195198]] [2]
<class 'numpy.ndarray'>
[[0.43277258 0.56722742]] [1]
[[0.18413855 0.06324465 0.7526168 ]] [2]
<class 'numpy.ndarray'>
[[0.59484059 0.40515941]] [0]
[[0.18356823 0.06452593 0.75190584]] [2]
<class 'numpy.ndarray'>
[[0.42777413 0.57222587]] [1]
[[0.18309278 0.06417233 0.75273489]] [2]
<class 'numpy.ndarray'>
[[0.454381 0.545619]] [1]
[[0.18316387 0.06406979 0.75276634]] [2]
<class 'numpy.ndarray'>
[[0.47172456 0.52827544]] [1]
[[0.18174651 0.06434823 0.75390525]] [2]
<class 'numpy.ndarray'>
[[0.54794796 0.45205204]] [0]
[[0.18448424 0.06352692 0.75198883]] [2]
<class 'numpy.ndarray'>
[[0.55873244 0.44126756]] [0]
[[0.18346696 0.06442564 0.7521074 ]] [2]
<class 'numpy.ndarray'>
[[0.43765796 0.56234204]] [1]
[[0.18354865 0.06453931 0.75191204]] [2]
<class 'numpy.ndarray'>
[[0.4233457 0.5766543]] [1]
[[0.18353605 0.06456844 0.75189551]] [2]
<class 'numpy.ndarray'>
[[0.42487547 0.57512453]] [1]
[[0.18336563 0.06431378 0.75232059]] [2]
<class 'numpy.ndarray'>
[[0.44399758 0.55600242]] [1]
[[0.18352855 0.06447147 0.75199998]] [2]
<class 'numpy.ndarray'>
[[0.43053255 0.56946745]] [1]
[[0.18615896 0.06310812 0.75073292]] [2]
<class 'numpy.ndarray'>
[[0.55799955 0.44200045]] [0]
[[0.1835159  0.06466027 0.75182383]] [2]
<class 'numpy.ndarray'>
[[0.41825842 0.58174158]] [1]
[[0.18245585 0.06327986 0.75426429]] [2]
<class 'numpy.ndarray'>
[[0.53239884 0.46760116]] [1]
[[0.18339439 0.06433604 0.75226957]] [2]
<class 'numpy.ndarray'>
[[0.43742924 0.56257076]] [1]
[[0.18710767 0.0646168  0.74827553]] [2]
<class 'numpy.ndarray'>
[[0.54273936 0.45726064]] [0]
[[0.18354484 0.06458661 0.75186855]] [2]
<class 'numpy.ndarray'>
[[0.42478714 0.57521286]] [1]
[[0.18369658 0.06453022 0.7517732 ]] [2]
<class 'numpy.ndarray'>
[[0.42126527 0.57873473]] [1]
[[0.18363256 0.06412584 0.7522416 ]] [2]
<class 'numpy.ndarray'>
[[0.4835005 0.5164995]] [1]
[[0.18343978 0.06447502 0.7520852 ]] [2]
<class 'numpy.ndarray'>
[[0.42995335 0.57004665]] [1]
[[0.18372095 0.06374667 0.75253238]] [2]
<class 'numpy.ndarray'>
[[0.52145184 0.47854816]] [1]
[[0.18229533 0.06400782 0.75369685]] [2]
<class 'numpy.ndarray'>
[[0.47460802 0.52539198]] [1]
[[0.16247968 0.06291293 0.77460739]] [2]
<class 'numpy.ndarray'>
[[0.60673071 0.39326929]] [0]
[[0.18365563 0.06459599 0.75174838]] [2]
<class 'numpy.ndarray'>
[[0.42168864 0.57831136]] [1]
[[0.18331915 0.06409355 0.7525873 ]] [2]
<class 'numpy.ndarray'>
[[0.46410369 0.53589631]] [1]
[[0.18349279 0.06457262 0.75193459]] [2]
<class 'numpy.ndarray'>
[[0.41976026 0.58023974]] [1]
[[0.18345475 0.06471358 0.75183167]] [2]
<class 'numpy.ndarray'>
[[0.41548996 0.58451004]] [1]
[[0.18350983 0.06466622 0.75182395]] [2]
<class 'numpy.ndarray'>
[[0.42242931 0.57757069]] [1]
[[0.18362216 0.06462502 0.75175282]] [2]
<class 'numpy.ndarray'>
[[0.42310335 0.57689665]] [1]
[[0.18345775 0.06467106 0.75187119]] [2]
<class 'numpy.ndarray'>
[[0.42293665 0.57706335]] [1]
[[0.18355506 0.06465476 0.75179018]] [2]
<class 'numpy.ndarray'>
[[0.42062762 0.57937238]] [1]
[[0.09538833 0.22406853 0.68054314]] [2]
<class 'numpy.ndarray'>
[[0.54377051 0.45622949]] [0]
[[0.17878179 0.06283513 0.75838308]] [2]
<class 'numpy.ndarray'>
[[0.56398163 0.43601837]] [0]
[[0.18351771 0.06498084 0.75150146]] [2]
<class 'numpy.ndarray'>
[[0.51819682 0.48180318]] [1]
[[0.18383773 0.06321439 0.75294788]] [2]
<class 'numpy.ndarray'>
[[0.4938251 0.5061749]] [1]
[[0.1835483 0.0644031 0.7520486]] [2]
<class 'numpy.ndarray'>
[[0.43434369 0.56565631]] [1]
[[0.18347292 0.06441441 0.75211266]] [2]
<class 'numpy.ndarray'>
[[0.44572455 0.55427545]] [1]
[[0.18344832 0.06432352 0.75222816]] [2]
<class 'numpy.ndarray'>
[[0.43717956 0.56282044]] [1]
[[0.18304711 0.06469179 0.7522611 ]] [2]
<class 'numpy.ndarray'>
[[0.5 0.5]] [1]
[[0.18354076 0.06451004 0.7519492 ]] [2]
<class 'numpy.ndarray'>
[[0.42580852 0.57419148]] [1]
[[0.18355557 0.06469053 0.7517539 ]] [2]
<class 'numpy.ndarray'>
[[0.41456687 0.58543313]] [1]
[[0.18342129 0.06424423 0.75233448]] [2]
<class 'numpy.ndarray'>
[[0.44628298 0.55371702]] [1]
[[0.18358587 0.06446798 0.75194615]] [2]
<class 'numpy.ndarray'>
[[0.44474518 0.55525482]] [1]
[[0.19099221 0.0630469  0.7459609 ]] [2]
<class 'numpy.ndarray'>
[[0.60478079 0.39521921]] [0]
[[0.18630557 0.06337901 0.75031542]] [2]
<class 'numpy.ndarray'>
[[0.53205213 0.46794787]] [1]
[[0.18351392 0.0645928  0.75189328]] [2]
<class 'numpy.ndarray'>
[[0.41890633 0.58109367]] [1]
[[0.18346615 0.06439678 0.75213707]] [2]
<class 'numpy.ndarray'>
[[0.43902258 0.56097742]] [1]
[[0.18272882 0.06442757 0.7528436 ]] [2]
<class 'numpy.ndarray'>
[[0.46296182 0.53703818]] [1]
[[0.18346477 0.06471235 0.75182287]] [2]
<class 'numpy.ndarray'>
[[0.41743027 0.58256973]] [1]
[[0.18344767 0.06425664 0.75229569]] [2]
<class 'numpy.ndarray'>
[[0.44814735 0.55185265]] [1]
[[0.18362528 0.0645687  0.75180603]] [2]
<class 'numpy.ndarray'>
[[0.43094586 0.56905414]] [1]
[[0.18349669 0.06466736 0.75183595]] [2]
<class 'numpy.ndarray'>
[[0.42581111 0.57418889]] [1]
[[0.18355245 0.06463446 0.75181309]] [2]
<class 'numpy.ndarray'>
[[0.42804268 0.57195732]] [1]
[[0.18348433 0.06381891 0.75269676]] [2]
<class 'numpy.ndarray'>
[[0.5 0.5]] [1]
[[0.18364786 0.06432427 0.75202787]] [2]
<class 'numpy.ndarray'>
[[0.43830688 0.56169312]] [1]
[[0.14101449 0.10054725 0.75843826]] [2]
<class 'numpy.ndarray'>
[[0.51632035 0.48367965]] [1]
[[0.18347215 0.06472658 0.75180127]] [2]
<class 'numpy.ndarray'>
[[0.41677298 0.58322702]] [1]
[[0.18353867 0.06462689 0.75183445]] [2]
<class 'numpy.ndarray'>
[[0.44951797 0.55048203]] [1]
[[0.18364024 0.06454688 0.75181288]] [2]
<class 'numpy.ndarray'>
[[0.44421262 0.55578738]] [1]
[[0.18344395 0.06440585 0.7521502 ]] [2]
<class 'numpy.ndarray'>
[[0.44446632 0.55553368]] [1]
[[0.18194954 0.06382615 0.75422431]] [2]
<class 'numpy.ndarray'>
[[0.47203279 0.52796721]] [1]
[[0.18319841 0.06438946 0.75241213]] [2]
<class 'numpy.ndarray'>
[[0.47039514 0.52960486]] [1]
[[0.18847518 0.06042661 0.75109821]] [2]
<class 'numpy.ndarray'>
[[0.58310519 0.41689481]] [0]
[[0.18332864 0.06344744 0.75322392]] [2]
<class 'numpy.ndarray'>
[[0.58387662 0.41612338]] [0]
[[0.18363111 0.06448327 0.75188563]] [2]
<class 'numpy.ndarray'>
[[0.43094177 0.56905823]] [1]
[[0.1828883  0.06421945 0.75289225]] [2]
<class 'numpy.ndarray'>
[[0.46329285 0.53670715]] [1]
[[0.20397056 0.05685503 0.73917441]] [2]
<class 'numpy.ndarray'>
[[0.64636381 0.35363619]] [0]
[[0.18354121 0.06454738 0.75191141]] [2]
<class 'numpy.ndarray'>
[[0.42255445 0.57744555]] [1]
[[0.18350404 0.06439359 0.75210237]] [2]
<class 'numpy.ndarray'>
[[0.43934367 0.56065633]] [1]
[[0.30529326 0.07357107 0.62113566]] [2]
<class 'numpy.ndarray'>
[[0.62624924 0.37375076]] [0]
[[0.18281199 0.06401488 0.75317314]] [2]
<class 'numpy.ndarray'>
[[0.49032675 0.50967325]] [1]
[[0.1834048  0.06435608 0.75223912]] [2]
<class 'numpy.ndarray'>
[[0.43280872 0.56719128]] [1]
[[0.18354281 0.06462643 0.75183077]] [2]
<class 'numpy.ndarray'>
[[0.41971903 0.58028097]] [1]
[[0.18282673 0.0637572  0.75341607]] [2]
<class 'numpy.ndarray'>
[[0.48500698 0.51499302]] [1]
[[0.18158051 0.0634665  0.75495298]] [2]
<class 'numpy.ndarray'>
[[0.5 0.5]] [1]
[[0.183166   0.06461733 0.75221666]] [2]
<class 'numpy.ndarray'>
[[0.48617295 0.51382705]] [1]
[[0.18196671 0.06379814 0.75423514]] [2]
<class 'numpy.ndarray'>
[[0.47286875 0.52713125]] [1]
[[0.18355096 0.0646473  0.75180174]] [2]
<class 'numpy.ndarray'>
[[0.42313917 0.57686083]] [1]
[[0.18318291 0.06473553 0.75208157]] [2]
<class 'numpy.ndarray'>
[[0.46453955 0.53546045]] [1]
[[0.1847426  0.06378041 0.75147699]] [2]
<class 'numpy.ndarray'>
[[0.52434147 0.47565853]] [1]
[[0.1801181  0.06410665 0.75577526]] [2]
<class 'numpy.ndarray'>
[[0.53176303 0.46823697]] [1]
[[0.18472295 0.06343258 0.75184447]] [2]
<class 'numpy.ndarray'>
[[0.5618428 0.4381572]] [0]
[[0.18359132 0.06462302 0.75178566]] [2]
<class 'numpy.ndarray'>
[[0.42329163 0.57670837]] [1]
[[0.18344883 0.06437824 0.75217292]] [2]
<class 'numpy.ndarray'>
[[0.44879982 0.55120018]] [1]
[[0.183333  0.0639551 0.7527119]] [2]
<class 'numpy.ndarray'>
[[0.4595872 0.5404128]] [1]
[[0.18423574 0.06401747 0.75174679]] [2]
<class 'numpy.ndarray'>
[[0.5 0.5]] [1]
[[0.18261299 0.06388796 0.75349905]] [2]
<class 'numpy.ndarray'>
[[0.48770391 0.51229609]] [1]
[[0.18518206 0.06009723 0.75472071]] [2]
<class 'numpy.ndarray'>
[[0.55634787 0.44365213]] [0]
[[0.18810821 0.06339295 0.74849884]] [2]
<class 'numpy.ndarray'>
[[0.62574543 0.37425457]] [0]
[[0.18616736 0.05512549 0.75870714]] [2]
<class 'numpy.ndarray'>
[[0.43897886 0.56102114]] [1]
[[0.31660412 0.26657913 0.41681675]] [2]
<class 'numpy.ndarray'>
[[0.6468656 0.3531344]] [0]
[[0.31885895 0.06901242 0.61212864]] [2]
<class 'numpy.ndarray'>
[[0.64689637 0.35310363]] [0]
[[0.18351893 0.06446381 0.75201727]] [2]
<class 'numpy.ndarray'>
[[0.42724157 0.57275843]] [1]
[[0.18394668 0.06432772 0.7517256 ]] [2]
<class 'numpy.ndarray'>
[[0.51102872 0.48897128]] [1]
[[0.18709817 0.06278043 0.7501214 ]] [2]
<class 'numpy.ndarray'>
[[0.61459447 0.38540553]] [0]
[[0.18079318 0.06464636 0.75456046]] [2]
<class 'numpy.ndarray'>
[[0.52286558 0.47713442]] [1]
[[0.18384157 0.06325024 0.75290819]] [2]
<class 'numpy.ndarray'>
[[0.53983265 0.46016735]] [0]
[[0.18380155 0.06459243 0.75160602]] [2]
<class 'numpy.ndarray'>
[[0.43160689 0.56839311]] [1]
[[0.18478556 0.06314625 0.7520682 ]] [2]
<class 'numpy.ndarray'>
[[0.57366664 0.42633336]] [0]
[[0.18347021 0.06445414 0.75207565]] [2]
<class 'numpy.ndarray'>
[[0.44996319 0.55003681]] [1]
[[0.18283351 0.06313531 0.75403118]] [2]
<class 'numpy.ndarray'>
[[0.52827319 0.47172681]] [1]
[[0.18340839 0.06439197 0.75219964]] [2]
<class 'numpy.ndarray'>
[[0.44676279 0.55323721]] [1]
[[0.17328765 0.07177265 0.7549397 ]] [2]
<class 'numpy.ndarray'>
[[0.50881793 0.49118207]] [1]
[[0.21544004 0.05849498 0.72606497]] [2]
<class 'numpy.ndarray'>
[[0.61446629 0.38553371]] [0]
[[0.18358955 0.0645377  0.75187275]] [2]
<class 'numpy.ndarray'>
[[0.4211356 0.5788644]] [1]
[[0.19157301 0.06233955 0.74608744]] [2]
<class 'numpy.ndarray'>
[[0.60183134 0.39816866]] [0]
[[0.1839353  0.06377437 0.75229034]] [2]
<class 'numpy.ndarray'>
[[0.53450533 0.46549467]] [1]
[[0.12398469 0.25013504 0.62588027]] [2]
<class 'numpy.ndarray'>
[[0.61925234 0.38074766]] [0]
[[0.18295819 0.06413248 0.75290932]] [2]
<class 'numpy.ndarray'>
[[0.46018463 0.53981537]] [1]
[[0.17688671 0.06485854 0.75825475]] [2]
<class 'numpy.ndarray'>
[[0.57641486 0.42358514]] [0]
[[0.18086772 0.0637017  0.75543058]] [2]
<class 'numpy.ndarray'>
[[0.6037888 0.3962112]] [0]
[[0.18274422 0.06365684 0.75359894]] [2]
<class 'numpy.ndarray'>
[[0.56702833 0.43297167]] [0]
[[0.18413601 0.06349591 0.75236808]] [2]
<class 'numpy.ndarray'>
[[0.55190896 0.44809104]] [0]
[[0.18356987 0.06461644 0.75181369]] [2]
<class 'numpy.ndarray'>
[[0.43360716 0.56639284]] [1]
[[0.18286118 0.0641513  0.75298752]] [2]
<class 'numpy.ndarray'>
[[0.48326852 0.51673148]] [1]
[[0.18346807 0.06430515 0.75222679]] [2]
<class 'numpy.ndarray'>
[[0.44990155 0.55009845]] [1]
[[0.18312643 0.06425199 0.75262158]] [2]
<class 'numpy.ndarray'>
[[0.44236619 0.55763381]] [1]
[[0.18321489 0.06414716 0.75263795]] [2]
<class 'numpy.ndarray'>
[[0.45597768 0.54402232]] [1]
[[0.18349176 0.06436102 0.75214722]] [2]
<class 'numpy.ndarray'>
[[0.44182166 0.55817834]] [1]
[[0.16412486 0.08039235 0.75548279]] [2]
<class 'numpy.ndarray'>
[[0.52066735 0.47933265]] [1]
[[0.18342169 0.06432907 0.75224925]] [2]
<class 'numpy.ndarray'>
[[0.45193133 0.54806867]] [1]
[[0.1834879  0.06469143 0.75182068]] [2]
<class 'numpy.ndarray'>
[[0.41304338 0.58695662]] [1]
[[0.18403753 0.06509597 0.7508665 ]] [2]
<class 'numpy.ndarray'>
[[0.43483768 0.56516232]] [1]
[[0.18342173 0.06469169 0.75188658]] [2]
<class 'numpy.ndarray'>
[[0.4114982 0.5885018]] [1]
[[0.18245034 0.06334614 0.75420352]] [2]
<class 'numpy.ndarray'>
[[0.50753047 0.49246953]] [1]
[[0.18336774 0.06418244 0.75244982]] [2]
<class 'numpy.ndarray'>
[[0.45191448 0.54808552]] [1]
[[0.18063866 0.06423348 0.75512786]] [2]
<class 'numpy.ndarray'>
[[0.53210648 0.46789352]] [1]
[[0.18330384 0.06411093 0.75258523]] [2]
<class 'numpy.ndarray'>
[[0.45988797 0.54011203]] [1]
[[0.1829701  0.06404285 0.75298705]] [2]
<class 'numpy.ndarray'>
[[0.46972943 0.53027057]] [1]
[[0.18344865 0.06464033 0.75191103]] [2]
<class 'numpy.ndarray'>
[[0.42692305 0.57307695]] [1]
[[0.18344226 0.06352747 0.75303028]] [2]
<class 'numpy.ndarray'>
[[0.49333838 0.50666162]] [1]
[[0.1820751  0.06371706 0.75420783]] [2]
<class 'numpy.ndarray'>
[[0.47673441 0.52326559]] [1]
[[0.1788838  0.06510515 0.75601105]] [2]
<class 'numpy.ndarray'>
[[0.58270086 0.41729914]] [0]
[[0.18383707 0.06362265 0.75254028]] [2]
<class 'numpy.ndarray'>
[[0.51936312 0.48063688]] [1]
[[0.18355009 0.0645816  0.75186831]] [2]
<class 'numpy.ndarray'>
[[0.43243731 0.56756269]] [1]
[[0.18377173 0.06487922 0.75134906]] [2]
<class 'numpy.ndarray'>
[[0.47035379 0.52964621]] [1]
[[0.19112104 0.06350226 0.74537671]] [2]
<class 'numpy.ndarray'>
[[0.57824932 0.42175068]] [0]
[[0.18343915 0.06433703 0.75222382]] [2]
<class 'numpy.ndarray'>
[[0.44508502 0.55491498]] [1]
[[0.18310459 0.06387559 0.75301982]] [2]
<class 'numpy.ndarray'>
[[0.48154723 0.51845277]] [1]
[[0.18683332 0.06568332 0.74748336]] [2]
<class 'numpy.ndarray'>
[[0.41840376 0.58159624]] [1]
[[0.18360598 0.06463838 0.75175564]] [2]
<class 'numpy.ndarray'>
[[0.42438293 0.57561707]] [1]
Done.
